[0;32m[INFO][0m Starting image download process...
[0;32m[INFO][0m Input MMD: okell-notes-surgery_ocr.mmd
[0;32m[INFO][0m Output Directory: html_output/assets/images
[0;32m[INFO][0m Found 15 image URLs to process
[0;34m[PROGRESS][0m (1/15) Downloading: 86c13d56-2793-4303-b812-214597661c62-08 (Seq 1) -> 86c13d56-2793-4303-b812-214597661c62-08-1.jpg
[0;32m[SUCCESS][0m Downloaded: 86c13d56-2793-4303-b812-214597661c62-08-1.jpg
[0;34m[PROGRESS][0m (2/15) Downloading: 86c13d56-2793-4303-b812-214597661c62-10 (Seq 1) -> 86c13d56-2793-4303-b812-214597661c62-10-1.jpg
[0;32m[SUCCESS][0m Downloaded: 86c13d56-2793-4303-b812-214597661c62-10-1.jpg
[0;34m[PROGRESS][0m (3/15) Downloading: 86c13d56-2793-4303-b812-214597661c62-10 (Seq 2) -> 86c13d56-2793-4303-b812-214597661c62-10-2.jpg
[0;32m[SUCCESS][0m Downloaded: 86c13d56-2793-4303-b812-214597661c62-10-2.jpg
[0;34m[PROGRESS][0m (4/15) Downloading: 86c13d56-2793-4303-b812-214597661c62-10 (Seq 3) -> 86c13d56-2793-4303-b812-214597661c62-10-3.jpg
[0;32m[SUCCESS][0m Downloaded: 86c13d56-2793-4303-b812-214597661c62-10-3.jpg
[0;34m[PROGRESS][0m (5/15) Downloading: 86c13d56-2793-4303-b812-214597661c62-20 (Seq 1) -> 86c13d56-2793-4303-b812-214597661c62-20-1.jpg
[0;32m[SUCCESS][0m Downloaded: 86c13d56-2793-4303-b812-214597661c62-20-1.jpg
[0;34m[PROGRESS][0m (6/15) Downloading: 86c13d56-2793-4303-b812-214597661c62-20 (Seq 2) -> 86c13d56-2793-4303-b812-214597661c62-20-2.jpg
[0;32m[SUCCESS][0m Downloaded: 86c13d56-2793-4303-b812-214597661c62-20-2.jpg
[0;34m[PROGRESS][0m (7/15) Downloading: 65c0b603-634a-4a04-9284-ff74581ee9c3-17 (Seq 1) -> 65c0b603-634a-4a04-9284-ff74581ee9c3-17-1.jpg
[0;32m[SUCCESS][0m Downloaded: 65c0b603-634a-4a04-9284-ff74581ee9c3-17-1.jpg
[0;34m[PROGRESS][0m (8/15) Downloading: 3ebe637b-aadc-40c0-82d9-c04726081249-09 (Seq 1) -> 3ebe637b-aadc-40c0-82d9-c04726081249-09-1.jpg
[0;32m[SUCCESS][0m Downloaded: 3ebe637b-aadc-40c0-82d9-c04726081249-09-1.jpg
[0;34m[PROGRESS][0m (9/15) Downloading: 3ebe637b-aadc-40c0-82d9-c04726081249-09 (Seq 2) -> 3ebe637b-aadc-40c0-82d9-c04726081249-09-2.jpg
[0;32m[SUCCESS][0m Downloaded: 3ebe637b-aadc-40c0-82d9-c04726081249-09-2.jpg
[0;34m[PROGRESS][0m (10/15) Downloading: 3ebe637b-aadc-40c0-82d9-c04726081249-09 (Seq 3) -> 3ebe637b-aadc-40c0-82d9-c04726081249-09-3.jpg
[0;32m[SUCCESS][0m Downloaded: 3ebe637b-aadc-40c0-82d9-c04726081249-09-3.jpg
[0;34m[PROGRESS][0m (11/15) Downloading: 3ebe637b-aadc-40c0-82d9-c04726081249-09 (Seq 4) -> 3ebe637b-aadc-40c0-82d9-c04726081249-09-4.jpg
[0;32m[SUCCESS][0m Downloaded: 3ebe637b-aadc-40c0-82d9-c04726081249-09-4.jpg
[0;34m[PROGRESS][0m (12/15) Downloading: 661cbafb-685a-4cf0-95dc-0678025b16b1-13 (Seq 1) -> 661cbafb-685a-4cf0-95dc-0678025b16b1-13-1.jpg
[0;32m[SUCCESS][0m Downloaded: 661cbafb-685a-4cf0-95dc-0678025b16b1-13-1.jpg
[0;34m[PROGRESS][0m (13/15) Downloading: 64d8f25b-40a6-4a3c-b392-a971106d7fde-09 (Seq 1) -> 64d8f25b-40a6-4a3c-b392-a971106d7fde-09-1.jpg
[0;32m[SUCCESS][0m Downloaded: 64d8f25b-40a6-4a3c-b392-a971106d7fde-09-1.jpg
[0;34m[PROGRESS][0m (14/15) Downloading: 64d8f25b-40a6-4a3c-b392-a971106d7fde-09 (Seq 2) -> 64d8f25b-40a6-4a3c-b392-a971106d7fde-09-2.jpg
[0;32m[SUCCESS][0m Downloaded: 64d8f25b-40a6-4a3c-b392-a971106d7fde-09-2.jpg
[0;34m[PROGRESS][0m (15/15) Downloading: 64d8f25b-40a6-4a3c-b392-a971106d7fde-09 (Seq 3) -> 64d8f25b-40a6-4a3c-b392-a971106d7fde-09-3.jpg
[0;32m[SUCCESS][0m Downloaded: 64d8f25b-40a6-4a3c-b392-a971106d7fde-09-3.jpg

[0;32m[INFO][0m Download process completed!
[0;32m[INFO][0m Processed: 15 URLs
[0;32m[INFO][0m Successful: 15
[0;32m[INFO][0m Check the 'html_output/assets/images' directory for downloaded images.

[0;32m[INFO][0m Image download process finished.
[0;32m[INFO][0m Please check the 'html_output/assets/images' directory.

[0;32m[INFO][0m Downloaded files:
Total files: 15

[0;32m[INFO][0m Sample of downloaded files:
3ebe637b-aadc-40c0-82d9-c04726081249-09-1.jpg
3ebe637b-aadc-40c0-82d9-c04726081249-09-2.jpg
3ebe637b-aadc-40c0-82d9-c04726081249-09-3.jpg
3ebe637b-aadc-40c0-82d9-c04726081249-09-4.jpg
64d8f25b-40a6-4a3c-b392-a971106d7fde-09-1.jpg
64d8f25b-40a6-4a3c-b392-a971106d7fde-09-2.jpg
64d8f25b-40a6-4a3c-b392-a971106d7fde-09-3.jpg
65c0b603-634a-4a04-9284-ff74581ee9c3-17-1.jpg
661cbafb-685a-4cf0-95dc-0678025b16b1-13-1.jpg
86c13d56-2793-4303-b812-214597661c62-08-1.jpg
... and 5 more files

[0;32m[INFO][0m Script execution completed.
