[0;32m[INFO][0m Starting image download process...
[0;32m[INFO][0m Input MMD: prepostoperative-care_ocr.mmd
[0;32m[INFO][0m Output Directory: html_output/assets/images
[0;32m[INFO][0m Found 36 image URLs to process
[0;34m[PROGRESS][0m (1/36) Downloading: 2755b84f-7f32-46dd-8244-34194074b5a0-06 (Seq 1) -> 2755b84f-7f32-46dd-8244-34194074b5a0-06-1.jpg
[0;32m[SUCCESS][0m Downloaded: 2755b84f-7f32-46dd-8244-34194074b5a0-06-1.jpg
[0;34m[PROGRESS][0m (2/36) Downloading: 2755b84f-7f32-46dd-8244-34194074b5a0-07 (Seq 1) -> 2755b84f-7f32-46dd-8244-34194074b5a0-07-1.jpg
[0;32m[SUCCESS][0m Downloaded: 2755b84f-7f32-46dd-8244-34194074b5a0-07-1.jpg
[0;34m[PROGRESS][0m (3/36) Downloading: 2755b84f-7f32-46dd-8244-34194074b5a0-07 (Seq 2) -> 2755b84f-7f32-46dd-8244-34194074b5a0-07-2.jpg
[0;32m[SUCCESS][0m Downloaded: 2755b84f-7f32-46dd-8244-34194074b5a0-07-2.jpg
[0;34m[PROGRESS][0m (4/36) Downloading: 2755b84f-7f32-46dd-8244-34194074b5a0-10 (Seq 1) -> 2755b84f-7f32-46dd-8244-34194074b5a0-10-1.jpg
[0;32m[SUCCESS][0m Downloaded: 2755b84f-7f32-46dd-8244-34194074b5a0-10-1.jpg
[0;34m[PROGRESS][0m (5/36) Downloading: 2755b84f-7f32-46dd-8244-34194074b5a0-10 (Seq 2) -> 2755b84f-7f32-46dd-8244-34194074b5a0-10-2.jpg
[0;32m[SUCCESS][0m Downloaded: 2755b84f-7f32-46dd-8244-34194074b5a0-10-2.jpg
[0;34m[PROGRESS][0m (6/36) Downloading: 2755b84f-7f32-46dd-8244-34194074b5a0-11 (Seq 1) -> 2755b84f-7f32-46dd-8244-34194074b5a0-11-1.jpg
[0;32m[SUCCESS][0m Downloaded: 2755b84f-7f32-46dd-8244-34194074b5a0-11-1.jpg
[0;34m[PROGRESS][0m (7/36) Downloading: 2755b84f-7f32-46dd-8244-34194074b5a0-14 (Seq 1) -> 2755b84f-7f32-46dd-8244-34194074b5a0-14-1.jpg
[0;32m[SUCCESS][0m Downloaded: 2755b84f-7f32-46dd-8244-34194074b5a0-14-1.jpg
[0;34m[PROGRESS][0m (8/36) Downloading: 2755b84f-7f32-46dd-8244-34194074b5a0-15 (Seq 1) -> 2755b84f-7f32-46dd-8244-34194074b5a0-15-1.jpg
[0;32m[SUCCESS][0m Downloaded: 2755b84f-7f32-46dd-8244-34194074b5a0-15-1.jpg
[0;34m[PROGRESS][0m (9/36) Downloading: 2755b84f-7f32-46dd-8244-34194074b5a0-15 (Seq 2) -> 2755b84f-7f32-46dd-8244-34194074b5a0-15-2.jpg
[0;32m[SUCCESS][0m Downloaded: 2755b84f-7f32-46dd-8244-34194074b5a0-15-2.jpg
[0;34m[PROGRESS][0m (10/36) Downloading: 2755b84f-7f32-46dd-8244-34194074b5a0-16 (Seq 1) -> 2755b84f-7f32-46dd-8244-34194074b5a0-16-1.jpg
[0;32m[SUCCESS][0m Downloaded: 2755b84f-7f32-46dd-8244-34194074b5a0-16-1.jpg
[0;34m[PROGRESS][0m (11/36) Downloading: 2755b84f-7f32-46dd-8244-34194074b5a0-19 (Seq 1) -> 2755b84f-7f32-46dd-8244-34194074b5a0-19-1.jpg
[0;32m[SUCCESS][0m Downloaded: 2755b84f-7f32-46dd-8244-34194074b5a0-19-1.jpg
[0;34m[PROGRESS][0m (12/36) Downloading: 2755b84f-7f32-46dd-8244-34194074b5a0-19 (Seq 2) -> 2755b84f-7f32-46dd-8244-34194074b5a0-19-2.jpg
[0;32m[SUCCESS][0m Downloaded: 2755b84f-7f32-46dd-8244-34194074b5a0-19-2.jpg
[0;34m[PROGRESS][0m (13/36) Downloading: 2755b84f-7f32-46dd-8244-34194074b5a0-20 (Seq 1) -> 2755b84f-7f32-46dd-8244-34194074b5a0-20-1.jpg
[0;32m[SUCCESS][0m Downloaded: 2755b84f-7f32-46dd-8244-34194074b5a0-20-1.jpg
[0;34m[PROGRESS][0m (14/36) Downloading: 2755b84f-7f32-46dd-8244-34194074b5a0-20 (Seq 2) -> 2755b84f-7f32-46dd-8244-34194074b5a0-20-2.jpg
[0;32m[SUCCESS][0m Downloaded: 2755b84f-7f32-46dd-8244-34194074b5a0-20-2.jpg
[0;34m[PROGRESS][0m (15/36) Downloading: 2755b84f-7f32-46dd-8244-34194074b5a0-21 (Seq 1) -> 2755b84f-7f32-46dd-8244-34194074b5a0-21-1.jpg
[0;32m[SUCCESS][0m Downloaded: 2755b84f-7f32-46dd-8244-34194074b5a0-21-1.jpg
[0;34m[PROGRESS][0m (16/36) Downloading: 2755b84f-7f32-46dd-8244-34194074b5a0-21 (Seq 2) -> 2755b84f-7f32-46dd-8244-34194074b5a0-21-2.jpg
[0;32m[SUCCESS][0m Downloaded: 2755b84f-7f32-46dd-8244-34194074b5a0-21-2.jpg
[0;34m[PROGRESS][0m (17/36) Downloading: 2755b84f-7f32-46dd-8244-34194074b5a0-23 (Seq 1) -> 2755b84f-7f32-46dd-8244-34194074b5a0-23-1.jpg
[0;32m[SUCCESS][0m Downloaded: 2755b84f-7f32-46dd-8244-34194074b5a0-23-1.jpg
[0;34m[PROGRESS][0m (18/36) Downloading: 2755b84f-7f32-46dd-8244-34194074b5a0-23 (Seq 2) -> 2755b84f-7f32-46dd-8244-34194074b5a0-23-2.jpg
[0;32m[SUCCESS][0m Downloaded: 2755b84f-7f32-46dd-8244-34194074b5a0-23-2.jpg
[0;34m[PROGRESS][0m (19/36) Downloading: 2755b84f-7f32-46dd-8244-34194074b5a0-24 (Seq 1) -> 2755b84f-7f32-46dd-8244-34194074b5a0-24-1.jpg
[0;32m[SUCCESS][0m Downloaded: 2755b84f-7f32-46dd-8244-34194074b5a0-24-1.jpg
[0;34m[PROGRESS][0m (20/36) Downloading: 2755b84f-7f32-46dd-8244-34194074b5a0-27 (Seq 1) -> 2755b84f-7f32-46dd-8244-34194074b5a0-27-1.jpg
[0;32m[SUCCESS][0m Downloaded: 2755b84f-7f32-46dd-8244-34194074b5a0-27-1.jpg
[0;34m[PROGRESS][0m (21/36) Downloading: 2755b84f-7f32-46dd-8244-34194074b5a0-29 (Seq 1) -> 2755b84f-7f32-46dd-8244-34194074b5a0-29-1.jpg
[0;32m[SUCCESS][0m Downloaded: 2755b84f-7f32-46dd-8244-34194074b5a0-29-1.jpg
[0;34m[PROGRESS][0m (22/36) Downloading: 2755b84f-7f32-46dd-8244-34194074b5a0-33 (Seq 1) -> 2755b84f-7f32-46dd-8244-34194074b5a0-33-1.jpg
[0;32m[SUCCESS][0m Downloaded: 2755b84f-7f32-46dd-8244-34194074b5a0-33-1.jpg
[0;34m[PROGRESS][0m (23/36) Downloading: 2755b84f-7f32-46dd-8244-34194074b5a0-34 (Seq 1) -> 2755b84f-7f32-46dd-8244-34194074b5a0-34-1.jpg
[0;32m[SUCCESS][0m Downloaded: 2755b84f-7f32-46dd-8244-34194074b5a0-34-1.jpg
[0;34m[PROGRESS][0m (24/36) Downloading: 2755b84f-7f32-46dd-8244-34194074b5a0-34 (Seq 2) -> 2755b84f-7f32-46dd-8244-34194074b5a0-34-2.jpg
[0;32m[SUCCESS][0m Downloaded: 2755b84f-7f32-46dd-8244-34194074b5a0-34-2.jpg
[0;34m[PROGRESS][0m (25/36) Downloading: 2755b84f-7f32-46dd-8244-34194074b5a0-34 (Seq 3) -> 2755b84f-7f32-46dd-8244-34194074b5a0-34-3.jpg
[0;32m[SUCCESS][0m Downloaded: 2755b84f-7f32-46dd-8244-34194074b5a0-34-3.jpg
[0;34m[PROGRESS][0m (26/36) Downloading: 2755b84f-7f32-46dd-8244-34194074b5a0-36 (Seq 1) -> 2755b84f-7f32-46dd-8244-34194074b5a0-36-1.jpg
[0;32m[SUCCESS][0m Downloaded: 2755b84f-7f32-46dd-8244-34194074b5a0-36-1.jpg
[0;34m[PROGRESS][0m (27/36) Downloading: 2755b84f-7f32-46dd-8244-34194074b5a0-36 (Seq 2) -> 2755b84f-7f32-46dd-8244-34194074b5a0-36-2.jpg
[0;32m[SUCCESS][0m Downloaded: 2755b84f-7f32-46dd-8244-34194074b5a0-36-2.jpg
[0;34m[PROGRESS][0m (28/36) Downloading: 2755b84f-7f32-46dd-8244-34194074b5a0-40 (Seq 1) -> 2755b84f-7f32-46dd-8244-34194074b5a0-40-1.jpg
[0;32m[SUCCESS][0m Downloaded: 2755b84f-7f32-46dd-8244-34194074b5a0-40-1.jpg
[0;34m[PROGRESS][0m (29/36) Downloading: 2755b84f-7f32-46dd-8244-34194074b5a0-41 (Seq 1) -> 2755b84f-7f32-46dd-8244-34194074b5a0-41-1.jpg
[0;32m[SUCCESS][0m Downloaded: 2755b84f-7f32-46dd-8244-34194074b5a0-41-1.jpg
[0;34m[PROGRESS][0m (30/36) Downloading: 2755b84f-7f32-46dd-8244-34194074b5a0-41 (Seq 2) -> 2755b84f-7f32-46dd-8244-34194074b5a0-41-2.jpg
[0;32m[SUCCESS][0m Downloaded: 2755b84f-7f32-46dd-8244-34194074b5a0-41-2.jpg
[0;34m[PROGRESS][0m (31/36) Downloading: 2755b84f-7f32-46dd-8244-34194074b5a0-42 (Seq 1) -> 2755b84f-7f32-46dd-8244-34194074b5a0-42-1.jpg
[0;32m[SUCCESS][0m Downloaded: 2755b84f-7f32-46dd-8244-34194074b5a0-42-1.jpg
[0;34m[PROGRESS][0m (32/36) Downloading: 2755b84f-7f32-46dd-8244-34194074b5a0-42 (Seq 2) -> 2755b84f-7f32-46dd-8244-34194074b5a0-42-2.jpg
[0;32m[SUCCESS][0m Downloaded: 2755b84f-7f32-46dd-8244-34194074b5a0-42-2.jpg
[0;34m[PROGRESS][0m (33/36) Downloading: 2755b84f-7f32-46dd-8244-34194074b5a0-50 (Seq 1) -> 2755b84f-7f32-46dd-8244-34194074b5a0-50-1.jpg
[0;32m[SUCCESS][0m Downloaded: 2755b84f-7f32-46dd-8244-34194074b5a0-50-1.jpg
[0;34m[PROGRESS][0m (34/36) Downloading: 2755b84f-7f32-46dd-8244-34194074b5a0-52 (Seq 1) -> 2755b84f-7f32-46dd-8244-34194074b5a0-52-1.jpg
[0;32m[SUCCESS][0m Downloaded: 2755b84f-7f32-46dd-8244-34194074b5a0-52-1.jpg
[0;34m[PROGRESS][0m (35/36) Downloading: 2755b84f-7f32-46dd-8244-34194074b5a0-54 (Seq 1) -> 2755b84f-7f32-46dd-8244-34194074b5a0-54-1.jpg
[0;32m[SUCCESS][0m Downloaded: 2755b84f-7f32-46dd-8244-34194074b5a0-54-1.jpg
[0;34m[PROGRESS][0m (36/36) Downloading: 2755b84f-7f32-46dd-8244-34194074b5a0-55 (Seq 1) -> 2755b84f-7f32-46dd-8244-34194074b5a0-55-1.jpg
[0;32m[SUCCESS][0m Downloaded: 2755b84f-7f32-46dd-8244-34194074b5a0-55-1.jpg

[0;32m[INFO][0m Download process completed!
[0;32m[INFO][0m Processed: 36 URLs
[0;32m[INFO][0m Successful: 36
[0;32m[INFO][0m Check the 'html_output/assets/images' directory for downloaded images.

[0;32m[INFO][0m Image download process finished.
[0;32m[INFO][0m Please check the 'html_output/assets/images' directory.

[0;32m[INFO][0m Downloaded files:
Total files: 36

[0;32m[INFO][0m Sample of downloaded files:
2755b84f-7f32-46dd-8244-34194074b5a0-06-1.jpg
2755b84f-7f32-46dd-8244-34194074b5a0-07-1.jpg
2755b84f-7f32-46dd-8244-34194074b5a0-07-2.jpg
2755b84f-7f32-46dd-8244-34194074b5a0-10-1.jpg
2755b84f-7f32-46dd-8244-34194074b5a0-10-2.jpg
2755b84f-7f32-46dd-8244-34194074b5a0-11-1.jpg
2755b84f-7f32-46dd-8244-34194074b5a0-14-1.jpg
2755b84f-7f32-46dd-8244-34194074b5a0-15-1.jpg
2755b84f-7f32-46dd-8244-34194074b5a0-15-2.jpg
2755b84f-7f32-46dd-8244-34194074b5a0-16-1.jpg
... and 26 more files

[0;32m[INFO][0m Script execution completed.
