[0;32m[INFO][0m Starting image download process...
[0;32m[INFO][0m Input MMD: orthopaedic-surgery-notes_ocr.mmd
[0;32m[INFO][0m Output Directory: html_output/assets/images
[0;32m[INFO][0m Found 5 image URLs to process
[0;34m[PROGRESS][0m (1/5) Downloading: f9fc4493-bc4e-4c4e-a78d-7b94a9a35e46-21 (Seq 1) -> f9fc4493-bc4e-4c4e-a78d-7b94a9a35e46-21-1.jpg
[0;32m[SUCCESS][0m Downloaded: f9fc4493-bc4e-4c4e-a78d-7b94a9a35e46-21-1.jpg
[0;34m[PROGRESS][0m (2/5) Downloading: f9fc4493-bc4e-4c4e-a78d-7b94a9a35e46-22 (Seq 1) -> f9fc4493-bc4e-4c4e-a78d-7b94a9a35e46-22-1.jpg
[0;32m[SUCCESS][0m Downloaded: f9fc4493-bc4e-4c4e-a78d-7b94a9a35e46-22-1.jpg
[0;34m[PROGRESS][0m (3/5) Downloading: f9fc4493-bc4e-4c4e-a78d-7b94a9a35e46-22 (Seq 2) -> f9fc4493-bc4e-4c4e-a78d-7b94a9a35e46-22-2.jpg
[0;32m[SUCCESS][0m Downloaded: f9fc4493-bc4e-4c4e-a78d-7b94a9a35e46-22-2.jpg
[0;34m[PROGRESS][0m (4/5) Downloading: f9fc4493-bc4e-4c4e-a78d-7b94a9a35e46-41 (Seq 1) -> f9fc4493-bc4e-4c4e-a78d-7b94a9a35e46-41-1.jpg
[0;32m[SUCCESS][0m Downloaded: f9fc4493-bc4e-4c4e-a78d-7b94a9a35e46-41-1.jpg
[0;34m[PROGRESS][0m (5/5) Downloading: f9fc4493-bc4e-4c4e-a78d-7b94a9a35e46-42 (Seq 1) -> f9fc4493-bc4e-4c4e-a78d-7b94a9a35e46-42-1.jpg
[0;32m[SUCCESS][0m Downloaded: f9fc4493-bc4e-4c4e-a78d-7b94a9a35e46-42-1.jpg

[0;32m[INFO][0m Download process completed!
[0;32m[INFO][0m Processed: 5 URLs
[0;32m[INFO][0m Successful: 5
[0;32m[INFO][0m Check the 'html_output/assets/images' directory for downloaded images.

[0;32m[INFO][0m Image download process finished.
[0;32m[INFO][0m Please check the 'html_output/assets/images' directory.

[0;32m[INFO][0m Downloaded files:
Total files: 5

[0;32m[INFO][0m Sample of downloaded files:
f9fc4493-bc4e-4c4e-a78d-7b94a9a35e46-21-1.jpg
f9fc4493-bc4e-4c4e-a78d-7b94a9a35e46-22-1.jpg
f9fc4493-bc4e-4c4e-a78d-7b94a9a35e46-22-2.jpg
f9fc4493-bc4e-4c4e-a78d-7b94a9a35e46-41-1.jpg
f9fc4493-bc4e-4c4e-a78d-7b94a9a35e46-42-1.jpg

[0;32m[INFO][0m Script execution completed.
