2026-01-24 19:25:01,635 - INFO - ================================================================================
2026-01-24 19:25:01,635 - INFO - STUDOCU SELENIUM SCRAPER - ENHANCED VERSION
2026-01-24 19:25:01,635 - INFO - ================================================================================
2026-01-24 19:25:01,635 - INFO - Configuration: Max pages=None, Headless=False
2026-01-24 19:25:01,635 - INFO - Target URL: https://www.studocu.com/en-us/search/Kenya%20Medical%20Training%20College%20Certificate?p=1&institutionId=6230
2026-01-24 19:25:26,361 - INFO - patching driver executable /home/ngobiro/.local/share/undetected_chromedriver/undetected_chromedriver
2026-01-24 19:25:26,642 - INFO - WebDriver initialized successfully
2026-01-24 19:25:26,642 - INFO - Starting pagination scrape (max pages: unlimited)
2026-01-24 19:25:26,642 - INFO - Scraping page 1 (attempt 1/3)
2026-01-24 19:25:27,928 - INFO - Waiting for page to load...
2026-01-24 19:26:18,594 - WARNING - Attempt 1 failed for page 1: Message: invalid session id: session deleted as the browser has closed the connection
from disconnected: not connected to DevTools
  (Session info: chrome=144.0.7559.96); For documentation on this error, please visit: https://www.selenium.dev/documentation/webdriver/troubleshooting/errors#invalidsessionidexception
Stacktrace:
#0 0x62094d4a1afa <unknown>
#1 0x62094cebb60f <unknown>
#2 0x62094cea13a3 <unknown>
#3 0x62094ceca871 <unknown>
#4 0x62094cf3fa80 <unknown>
#5 0x62094cf59028 <unknown>
#6 0x62094cf02842 <unknown>
#7 0x62094cf03631 <unknown>
#8 0x62094d467689 <unknown>
#9 0x62094d46a581 <unknown>
#10 0x62094d453ca9 <unknown>
#11 0x62094d46b13e <unknown>
#12 0x62094d43a3a0 <unknown>
#13 0x62094d48efc8 <unknown>
#14 0x62094d48f19b <unknown>
#15 0x62094d4a0e68 <unknown>
#16 0x74250169caa4 <unknown>
#17 0x742501729c6c <unknown>

2026-01-24 19:26:18,595 - INFO - Retrying in 5 seconds...
2026-01-24 19:26:23,595 - INFO - Scraping page 1 (attempt 2/3)
2026-01-24 19:26:23,598 - WARNING - Attempt 2 failed for page 1: Message: invalid session id; For documentation on this error, please visit: https://www.selenium.dev/documentation/webdriver/troubleshooting/errors#invalidsessionidexception
Stacktrace:
#0 0x62094d4a1afa <unknown>
#1 0x62094cebb300 <unknown>
#2 0x62094cf01a71 <unknown>
#3 0x62094cf37076 <unknown>
#4 0x62094cf3185c <unknown>
#5 0x62094cf30b39 <unknown>
#6 0x62094ce80785 <unknown>
#7 0x62094d467689 <unknown>
#8 0x62094d46a581 <unknown>
#9 0x62094d453ca9 <unknown>
#10 0x62094d46b13e <unknown>
#11 0x62094d43a3a0 <unknown>
#12 0x62094ce7de64 <unknown>
#13 0x74250162a1ca <unknown>
#14 0x74250162a28b __libc_start_main
#15 0x62094ce3c9aa _start

2026-01-24 19:26:23,598 - INFO - Retrying in 5 seconds...
2026-01-24 19:26:28,599 - INFO - Scraping page 1 (attempt 3/3)
2026-01-24 19:26:28,601 - WARNING - Attempt 3 failed for page 1: Message: invalid session id; For documentation on this error, please visit: https://www.selenium.dev/documentation/webdriver/troubleshooting/errors#invalidsessionidexception
Stacktrace:
#0 0x62094d4a1afa <unknown>
#1 0x62094cebb300 <unknown>
#2 0x62094cf01a71 <unknown>
#3 0x62094cf37076 <unknown>
#4 0x62094cf3185c <unknown>
#5 0x62094cf30b39 <unknown>
#6 0x62094ce80785 <unknown>
#7 0x62094d467689 <unknown>
#8 0x62094d46a581 <unknown>
#9 0x62094d453ca9 <unknown>
#10 0x62094d46b13e <unknown>
#11 0x62094d43a3a0 <unknown>
#12 0x62094ce7de64 <unknown>
#13 0x74250162a1ca <unknown>
#14 0x74250162a28b __libc_start_main
#15 0x62094ce3c9aa _start

2026-01-24 19:26:28,601 - ERROR - Failed to scrape page 1 after 3 attempts
2026-01-24 19:26:28,601 - INFO - No documents found on page 1. Stopping pagination.
2026-01-24 19:26:28,601 - WARNING - No documents were scraped
2026-01-24 19:26:28,602 - INFO - 
Troubleshooting tips:
2026-01-24 19:26:28,602 - INFO - 1. Check if Cloudflare protection is active
2026-01-24 19:26:28,602 - INFO - 2. Verify the URL is correct and accessible
2026-01-24 19:26:28,602 - INFO - 3. Check the log file for detailed error messages
2026-01-24 19:26:28,617 - INFO - Browser closed successfully
2026-01-24 19:27:34,064 - INFO - ================================================================================
2026-01-24 19:27:34,064 - INFO - STUDOCU SELENIUM SCRAPER - ENHANCED VERSION
2026-01-24 19:27:34,064 - INFO - ================================================================================
2026-01-24 19:27:34,065 - INFO - Configuration: Max pages=None, Headless=False
2026-01-24 19:27:34,065 - INFO - Target URL: https://www.studocu.com/en-us/search/Kenya%20Medical%20Training%20College%20Certificate?p=1&institutionId=6230
2026-01-24 19:27:44,175 - INFO - patching driver executable /home/ngobiro/.local/share/undetected_chromedriver/undetected_chromedriver
2026-01-24 19:27:44,462 - INFO - WebDriver initialized successfully
2026-01-24 19:27:44,462 - INFO - Starting pagination scrape (max pages: unlimited)
2026-01-24 19:27:44,462 - INFO - Scraping page 1 (attempt 1/3)
2026-01-24 19:27:44,925 - INFO - Waiting for page to load...
2026-01-24 19:28:45,718 - INFO - Page loaded successfully using selector: a[href*="/document/"]
2026-01-24 19:28:48,740 - INFO - Found 30 elements using selector: a[href*="/document/"]
2026-01-24 19:28:48,741 - INFO - Processing 30 document cards on page 1
2026-01-24 19:28:48,841 - INFO -   [1] KENYA MEDICAL TRAINING COLLEGE: CERTIFICATE IN HEALTH RECORD...
2026-01-24 19:28:48,943 - INFO -   [2] Nutrition in the Life Cycle: NUL 126 Course Notes for KMTC C...
2026-01-24 19:28:49,026 - INFO -   [3] HIV/AIDS & STIs CAT I for Certificate in Medical Engineering...
2026-01-24 19:28:49,106 - INFO -   [4] HIS 106 - Health Information Systems Module 8 Overview and I...
2026-01-24 19:28:49,182 - INFO -   [5] General Medicine END SEM EXAM 1.2 Review Questions & Answers...
2026-01-24 19:28:49,254 - INFO -   [6] Certificate in Public Health Year 2, Semester 2 Exam Paper 2...
2026-01-24 19:28:49,338 - INFO -   [7] MS WORD and Excel Exam for Certificate class...
2026-01-24 19:28:49,418 - INFO -   [8] Anatomy and Physiology 1 Short Answers - Certificate HRI CAT...
2026-01-24 19:28:49,503 - INFO -   [9] PCC-PKSKEVLBB - Police Clearance Certificate Issuance Notice...
2026-01-24 19:28:49,584 - INFO -   [10] KMTC/QP-10/MCS Medical Examination Certificate for Students...
2026-01-24 19:28:49,665 - INFO -   [11] KENYA MEDICAL TRAINING COLLEGE ORTHOPAEDIC TRAUMA MEDICINE F...
2026-01-24 19:28:49,747 - INFO -   [12] FQE certificate...
2026-01-24 19:28:49,826 - INFO -   [13] Certificate of Completion for Diabetes in Children 188180(11...
2026-01-24 19:28:49,907 - INFO -   [14] Vaccination certificate (hafwa)...
2026-01-24 19:28:49,986 - INFO -   [15] HIS II Notes: Data Handling, Software & Ethical Issues - Cer...
2026-01-24 19:28:50,073 - INFO -   [16] Martha Graham's Night Journey: A Modern Feminist Perspective...
2026-01-24 19:28:50,150 - INFO -   [17] 4 Key Differences in Nonprofit vs. For-Profit Accounting...
2026-01-24 19:28:50,224 - INFO -   [18] Nonprofit Accounting vs. Business Accounting: Key Difference...
2026-01-24 19:28:50,293 - INFO -   [19] Key Differences Between Nonprofit and For-Profit Accounting ...
2026-01-24 19:28:50,367 - INFO -   [20] Physical Geology - Metamorphic Rocks Overview (Janux)...
2026-01-24 19:28:50,439 - INFO -   [21] ASU 958: Presentation of Financial Statements of Entities Ov...
2026-01-24 19:28:50,520 - INFO -   [22] Nonreassuring Fetal Status - Understanding Causes & Diagnose...
2026-01-24 19:28:50,608 - INFO -   [23] Pharmacy AND Poison Board Enrolment Certificate...
2026-01-24 19:28:50,683 - INFO -   [24] Vaccination certificate (rehema hamisi)...
2026-01-24 19:28:50,768 - INFO -   [25] Entrepreneurship Certificate-1: Key Concepts and Skills for ...
2026-01-24 19:28:50,848 - INFO -   [26] Registration Certificate FOR DIPLOMA COURSE IN HEALTH RECORD...
2026-01-24 19:28:50,930 - INFO -   [27] Life Skills CAT I Exam Paper - Certificate in Medical Engine...
2026-01-24 19:28:51,001 - INFO -   [28] Final Qualifying Examination for Certificate in Health Recor...
2026-01-24 19:28:51,072 - INFO -   [29] Community First Aid Exam - Certificate in Community Health C...
2026-01-24 19:28:51,139 - INFO -   [30] Health Statistics Exam Paper: Certificate in Health Records ...
2026-01-24 19:28:51,142 - INFO - 💾 Page 1: 30 new documents saved (skipped 0 duplicates) | Total: 30
2026-01-24 19:28:51,156 - INFO - Moving to page 2 after 3s delay
2026-01-24 19:28:54,156 - INFO - Scraping page 2 (attempt 1/3)
2026-01-24 19:29:01,776 - INFO - Waiting for page to load...
2026-01-24 19:30:02,329 - INFO - Page loaded successfully using selector: a[href*="/document/"]
2026-01-24 19:30:05,348 - INFO - Found 30 elements using selector: a[href*="/document/"]
2026-01-24 19:30:05,348 - INFO - Processing 30 document cards on page 2
2026-01-24 19:30:05,418 - INFO -   [1] Excel Practice Exercises for Certificate Course - September ...
2026-01-24 19:30:05,489 - INFO -   [2] KENYA MEDICA TRAINING COLLEGE CERTIFICATE IN HEALTH RECORDS ...
2026-01-24 19:30:05,558 - INFO -   [3] CERTIFICATE IN CAREGIVING: Training Modules Overview...
2026-01-24 19:30:05,621 - INFO -   [4] Health Statistics Final Exam - Certificate Year 2 - Dec 2017...
2026-01-24 19:30:05,703 - INFO -   [5] COMM 301: Community Health Nursing Notes - Certificate Progr...
2026-01-24 19:30:05,771 - INFO -   [6] Air Ventilation and Lighting: PHT Certificate Programme Note...
2026-01-24 19:30:05,838 - INFO -   [7] Certificate in Community Health Nursing Case Study: Severe A...
2026-01-24 19:30:05,902 - INFO -   [8] Marking Scheme for CERTIFICATE IN HEALTH RECORD AND INFORMAT...
2026-01-24 19:30:05,969 - INFO -   [9] Electronics 2.1 Marking Guide for Certificate Exam MKS...
2026-01-24 19:30:06,033 - INFO -   [10] Final Exam: Certificate in Community Health Nursing - Year 1...
2026-01-24 19:30:06,094 - INFO -   [11] Admission Letter for Certificate in Orthopaedic Trauma Medic...
2026-01-24 19:30:06,160 - INFO -   [12] KMTC Admission Letter for Certificate in Community Health As...
2026-01-24 19:30:06,225 - INFO -   [13] Certificate in Community Health Nursing: Case Study on Head ...
2026-01-24 19:30:06,288 - INFO -   [14] Final Payment Certificate: Construction of Classroom at Kyam...
2026-01-24 19:30:06,349 - INFO -   [15] Certificate of Completion for Faith Njeri - Secondary School...
2026-01-24 19:30:06,423 - INFO -   [16] INTRODUCTION TO ICT CRAFT CERTIFICATE EXAM PAPER - JULY 2015...
2026-01-24 19:30:06,491 - INFO -   [17] KRA Tax Registration Certificate for ALEX KIMENGICH - PIN A0...
2026-01-24 19:30:06,557 - INFO -   [18] KMTC Admission Letter for Certificate in Community Health As...
2026-01-24 19:30:06,640 - INFO -   [19] Maternal & Child Health Booklet: Afya Ya Mama Na Mtoto Certi...
2026-01-24 19:30:06,706 - INFO -   [20] KCSE Receipt-4: Taxpayer PIN Certificate for Martha Kathini ...
2026-01-24 19:30:06,781 - INFO -   [21] Lesson Plan Example for GTC Graduate Teaching Certificate Pr...
2026-01-24 19:30:06,845 - INFO -   [22] D1 Form Insights: 20 Key Elements of Kenyan Death Certificat...
2026-01-24 19:30:06,921 - INFO -   [23] SDA - Kapenguria School Membership Certificates 2021/2022...
2026-01-24 19:30:06,982 - INFO -   [24] Hematology - End of Semester Exam Questions Compilation (Fin...
2026-01-24 19:30:07,043 - INFO -   [25] Final Exam: Trauma & Emergency Management Questions (TE-101)...
2026-01-24 19:30:07,120 - INFO -   [26] Specialized Procedures for VMMC and Dialysis: Key Characteri...
2026-01-24 19:30:07,186 - INFO -   [27] Cardiovascular Studies Review: End of Semester Exam Q&A Guid...
2026-01-24 19:30:07,252 - INFO -   [28] Pharmacology - End of Semester Exam Questions Review and Tip...
2026-01-24 19:30:07,321 - INFO -   [29] Medical Surgery: Past Exam Q&As Compilation for Revision...
2026-01-24 19:30:07,388 - INFO -   [30] Elements of Communication: Key Processes and Skills in Pract...
2026-01-24 19:30:07,389 - INFO - 💾 Page 2: 30 new documents saved (skipped 0 duplicates) | Total: 60
2026-01-24 19:30:07,401 - INFO - Moving to page 3 after 3s delay
2026-01-24 19:30:10,401 - INFO - Scraping page 3 (attempt 1/3)
2026-01-24 19:30:11,915 - INFO - Waiting for page to load...
2026-01-24 19:31:12,418 - INFO - Page loaded successfully using selector: a[href*="/document/"]
2026-01-24 19:31:15,439 - INFO - Found 12 elements using selector: a[href*="/document/"]
2026-01-24 19:31:15,439 - INFO - Processing 12 document cards on page 3
2026-01-24 19:31:15,513 - INFO -   [1] Lecture Notes on STCA-301: Introduction to Computer Applicat...
2026-01-24 19:31:15,578 - INFO -   [2] Family Planning: Compilation of Past Exam Qs for Health Prom...
2026-01-24 19:31:15,649 - INFO -   [3] Communication Patterns in Groups: An Overview of Leavitt's T...
2026-01-24 19:31:15,719 - INFO -   [4] Introduction to Family Planning (FP 101): Methods & Importan...
2026-01-24 19:31:15,788 - INFO -   [5] SURG SPN - Comprehensive Review of End-of-Semester Exam Ques...
2026-01-24 19:31:15,851 - INFO -   [6] Final Exam Review - Scan Document (30 May 2023)...
2026-01-24 19:31:15,918 - INFO -   [7] Integrated Health: Definition & Key Aspects of Rural Health ...
2026-01-24 19:31:15,988 - INFO -   [8] Health Promotion Concepts and Advocacy: Key Definitions and ...
2026-01-24 19:31:16,049 - INFO -   [9] Certification of Cause of Death: Understanding Medical Docum...
2026-01-24 19:31:16,114 - INFO -   [10] ASCP Certification Exam: Practice Q&A for Success in Clinica...
2026-01-24 19:31:16,184 - INFO -   [11] KMTC/CTM Log Book for Final Certification in Orthopaedics & ...
2026-01-24 19:31:16,245 - INFO -   [12] Microbiology and Immunology Notes - KMT 2023...
2026-01-24 19:31:16,245 - INFO - 💾 Page 3: 12 new documents saved (skipped 0 duplicates) | Total: 72
2026-01-24 19:31:16,255 - INFO - No more pages available. Total pages: 3
2026-01-24 19:31:16,255 - INFO - 🔄 Removed 72 duplicate documents (based on document_id)
2026-01-24 19:31:16,255 - INFO - Saved 72 documents to studocu_certificate_documents.json
2026-01-24 19:31:16,255 - INFO - 🔄 Removed 72 duplicate documents (based on document_id)
2026-01-24 19:31:16,256 - INFO - Saved 72 documents to studocu_certificate_documents.csv
2026-01-24 19:31:16,256 - INFO - 
================================================================================
2026-01-24 19:31:16,256 - INFO - SCRAPING STATISTICS
2026-01-24 19:31:16,256 - INFO - ================================================================================
2026-01-24 19:31:16,256 - INFO - Pages scraped: 3
2026-01-24 19:31:16,256 - INFO - Documents found: 72
2026-01-24 19:31:16,256 - INFO - Errors encountered: 0
2026-01-24 19:31:16,256 - INFO - Retries performed: 0
2026-01-24 19:31:16,256 - INFO - ================================================================================
2026-01-24 19:31:16,256 - INFO - 
Sample document:
2026-01-24 19:31:16,256 - INFO - {
  "rank": 1,
  "title": "KENYA MEDICAL TRAINING COLLEGE: CERTIFICATE IN HEALTH RECORDS & IT - HUMAN",
  "pages": null,
  "type": null,
  "course": null,
  "academic_year": null,
  "rating": null,
  "url": "https://www.studocu.com/en-us/document/kenya-medical-training-college/health-records-and-information-technology/human-pathologyb-paper/142347484?queryID=34977d4896b89695a63821ad8ed05e66&origin=search-results",
  "document_id": 142347484
}
2026-01-24 19:31:16,373 - INFO - Browser closed successfully
2026-01-24 19:42:20,865 - INFO - ================================================================================
2026-01-24 19:42:20,865 - INFO - STUDOCU SELENIUM SCRAPER - ENHANCED VERSION
2026-01-24 19:42:20,865 - INFO - ================================================================================
2026-01-24 19:42:20,865 - INFO - Configuration: Max pages=None, Headless=False
2026-01-24 19:42:20,865 - INFO - Target URL: https://www.studocu.com/en-us/search/Kenya%20Medical%20Training%20College%20Exam?p=1&institutionId=6230
2026-01-24 19:42:35,779 - INFO - patching driver executable /home/ngobiro/.local/share/undetected_chromedriver/undetected_chromedriver
2026-01-24 19:42:36,053 - INFO - WebDriver initialized successfully
2026-01-24 19:42:36,053 - INFO - Starting pagination scrape (max pages: unlimited)
2026-01-24 19:42:36,053 - INFO - Scraping page 1 (attempt 1/3)
2026-01-24 19:42:37,228 - INFO - Waiting for page to load...
2026-01-24 19:43:37,421 - INFO - Page loaded successfully using selector: a[href*="/document/"]
2026-01-24 19:43:40,442 - INFO - Found 30 elements using selector: a[href*="/document/"]
2026-01-24 19:43:40,442 - INFO - Processing 30 document cards on page 1
2026-01-24 19:43:40,566 - INFO -   [1] KENYA MEDICAL TRAINING COLLEGE PSYCHOLOGY EXAM YEAR 1 SEM 1...
2026-01-24 19:43:40,658 - INFO -   [2] KENYA MEDICAL TRAINING COLLEGE PHARMACOLOGY QUIZ AND REVISIO...
2026-01-24 19:43:40,739 - INFO -   [3] L KENYA MEDICAL TRAINING COLLEGE DIPLOMA EXAM TIMETABLE 2025...
2026-01-24 19:43:40,815 - INFO -   [4] KENYA MEDICAL TRAINING COLLEGE PSYCHOLOGY EXAMINATION YEAR 1...
2026-01-24 19:43:40,889 - INFO -   [5] Kenya Medical Training College: Health Statistics Exam Paper...
2026-01-24 19:43:40,966 - INFO -   [6] KENYA MEDICAL TRAINING COLLEGE KRCHN DERMATOLOGY EXAM MARCH ...
2026-01-24 19:43:41,048 - INFO -   [7] KENYA MEDICAL TRAINING COLLEGE KRCHN NUTRITION EXAM MARCH 20...
2026-01-24 19:43:41,125 - INFO -   [8] KENYA MEDICAL TRAINING COLLEGE KRCHN EPIDEMIOLOGY EXAM MARCH...
2026-01-24 19:43:41,201 - INFO -   [9] KENYA MEDICAL TRAINING COLLEGE KRCHN EPIDEMIOLOGY EXAM NOTES...
2026-01-24 19:43:41,278 - INFO -   [10] KENYA MEDICAL TRAINING COLLEGE NURSING FINAL EXAM PAPER 1 20...
2026-01-24 19:43:41,347 - INFO -   [11] KENYA MEDICAL TRAINING COLLEGE KRCHN DERMATOLOGY EXAM NOTES ...
2026-01-24 19:43:41,417 - INFO -   [12] KENYA MEDICAL TRAINING COLLEGE NURSING SUPPLEMENTARY EXAM: C...
2026-01-24 19:43:41,490 - INFO -   [13] KENYA MEDICAL TRAINING COLLEGE KRCHN NEUROLOGY EXAM MARCH 20...
2026-01-24 19:43:41,571 - INFO -   [14] KENYA MEDICAL TRAINING COLLEGE KRCHN MIDWIFERY EXAMINATION N...
2026-01-24 19:43:41,661 - INFO -   [15] KENYA MEDICAL TRAINING COLLEGE KRCHN NEUROLOGY EXAMINATION M...
2026-01-24 19:43:41,750 - INFO -   [16] KENYA MEDICAL TRAINING COLLEGE KRCHN PAEDIATRIC CONDITIONS E...
2026-01-24 19:43:41,826 - INFO -   [17] KENYA MEDICAL TRAINING COLLEGE PSYCHOLOGY MID BLOCK EXAM SEP...
2026-01-24 19:43:41,894 - INFO -   [18] KENYA MEDICAL TRAINING COLLEGE KRCHN ORTHOPAEDIC NURSING EXA...
2026-01-24 19:43:41,966 - INFO -   [19] Kenya Medical Training College End of Semester Exam Timetabl...
2026-01-24 19:43:42,028 - INFO -   [20] KENYA MEDICAL TRAINING COLLEGE KRCHN COMMUNICABLE DISEASES E...
2026-01-24 19:43:42,101 - INFO -   [21] KENYA MEDICAL TRAINING COLLEGE RESEARCH I SUPPLEMENTARY EXAM...
2026-01-24 19:43:42,183 - INFO -   [22] KENYA MEDICAL TRAINING COLLEGE KRCHN LEADERSHIP & MANAGEMENT...
2026-01-24 19:43:42,273 - INFO -   [23] KENYA MEDICAL TRAINING COLLEGE KRCHN Palliative HBC Exam Mar...
2026-01-24 19:43:42,347 - INFO -   [24] KENYA MEDICAL TRAINING COLLEGE KRCHN ANATOMY & PHYSIOLOGY EX...
2026-01-24 19:43:42,418 - INFO -   [25] KENYA MEDICAL TRAINING COLLEGE KRCHN TEACHING METHODOLOGY EX...
2026-01-24 19:43:42,486 - INFO -   [26] KENYA MEDICAL TRAINING COLLEGE KRCHN SEM 2 EXAM SEPT 2014: S...
2026-01-24 19:43:42,572 - INFO -   [27] KENYA MEDICAL TRAINING COLLEGE KRCHN ORAL HEALTH EXAM SEM 1 ...
2026-01-24 19:43:42,649 - INFO -   [28] KENYA MEDICAL TRAINING COLLEGE KRCHN COMMUNICABLE DISEASES E...
2026-01-24 19:43:42,736 - INFO -   [29] KENYA MEDICAL TRAINING COLLEGE KRCHN ABNORMAL MIDWIFERY EXAM...
2026-01-24 19:43:42,813 - INFO -   [30] KENYA MEDICAL TRAINING COLLEGE KRCHN VITAL STATISTICS EXAM M...
2026-01-24 19:43:42,813 - INFO - 💾 Page 1: 30 new documents saved (skipped 0 duplicates) | Total: 30
2026-01-24 19:43:42,825 - INFO - Moving to page 2 after 3s delay
2026-01-24 19:43:45,825 - INFO - Scraping page 2 (attempt 1/3)
2026-01-24 19:43:46,661 - INFO - Waiting for page to load...
2026-01-24 19:44:47,568 - INFO - Page loaded successfully using selector: a[href*="/document/"]
2026-01-24 19:44:50,588 - INFO - Found 30 elements using selector: a[href*="/document/"]
2026-01-24 19:44:50,588 - INFO - Processing 30 document cards on page 2
2026-01-24 19:44:50,665 - INFO -   [1] KENYA MEDICAL TRAINING COLLEGE KRCHN ANATOMY & PHYSIOLOGY EX...
2026-01-24 19:44:50,747 - INFO -   [2] KENYA MEDICAL TRAINING COLLEGE KRCHN MIDWIFERY SUPPLEMENTARY...
2026-01-24 19:44:50,816 - INFO -   [3] KENYA MEDICAL TRAINING COLLEGE KRCHN PAEDIATRIC CONDITIONS E...
2026-01-24 19:44:50,887 - INFO -   [4] KENYA MEDICAL TRAINING COLLEGE PSYCHOLOGY RE-SIT EXAM SEM 1 ...
2026-01-24 19:44:50,963 - INFO -   [5] KENYA MEDICAL TRAINING COLLEGE KRCHN SEM II EXAM MARCH 2017...
2026-01-24 19:44:51,040 - INFO -   [6] KENYA MEDICAL TRAINING COLLEGE KRCHN NEUROLOGICAL DISEASES E...
2026-01-24 19:44:51,105 - INFO -   [7] KENYA MEDICAL TRAINING COLLEGE KRCHN DENTAL HEALTH EXAM MARC...
2026-01-24 19:44:51,175 - INFO -   [8] KENYA MEDICAL TRAINING COLLEGE KRCHN COMMUNITY HEALTH EXAM M...
2026-01-24 19:44:51,245 - INFO -   [9] KENYA MEDICAL TRAINING COLLEGE MANZA DRAFT FINAL EXAMINATION...
2026-01-24 19:44:51,311 - INFO -   [10] Traumatology II FQE Remedial Exam - Kenya Medical Training C...
2026-01-24 19:44:51,379 - INFO -   [11] KENYA MEDICAL TRAINING COLLEGE COMMUNITY HEALTH YEAR 1 EXAM ...
2026-01-24 19:44:51,446 - INFO -   [12] KENYA MEDICAL TRAINING COLLEGE ORTHOPAEDIC TRAUMA MEDICINE F...
2026-01-24 19:44:51,509 - INFO -   [13] KENYA MEDICAL TRAINING COLLEGE NUTRITION & DIETETICS JULY 20...
2026-01-24 19:44:51,575 - INFO -   [14] KENYA MEDICAL TRAINING COLLEGE KRCHN CLASS COMMUNITY STRATEG...
2026-01-24 19:44:51,645 - INFO -   [15] KENYA MEDICAL TRAINING COLLEGE YEAR 3 EPIDEMIOLOGY SUPPLEMEN...
2026-01-24 19:44:51,715 - INFO -   [16] KENYA MEDICAL TRAINING COLLEGE KRCHN RE-SIT MIDWIFERY EXAM M...
2026-01-24 19:44:51,778 - INFO -   [17] KENYA MEDICAL TRAINING COLLEGE KRCHN PERIOPERATIVE NURSING S...
2026-01-24 19:44:51,841 - INFO -   [18] KENYA MEDICAL TRAINING COLLEGE KRCHN COMMUNITY DIAGNOSIS SUP...
2026-01-24 19:44:51,921 - INFO -   [19] KENYA MEDICAL TRAINING COLLEGE KRCHN PHARMACOLOGY SEM II EXA...
2026-01-24 19:44:51,992 - INFO -   [20] KENYA MEDICAL TRAINING COLLEGE KRCHN END OF YEAR EXAM SEPT 2...
2026-01-24 19:44:52,060 - INFO -   [21] KENYA MEDICAL TRAINING COLLEGE KRCHN CLASS BILLIARY ALIMENTA...
2026-01-24 19:44:52,123 - INFO -   [22] KENYA MEDICAL TRAINING COLLEGE KRCHN 2ND SEMESTER SUPP. EXAM...
2026-01-24 19:44:52,186 - INFO -   [23] KENYA MEDICAL TRAINING COLLEGE KRCHN END OF YEAR EXAM MARCH ...
2026-01-24 19:44:52,248 - INFO -   [24] KENYA MEDICAL TRAINING COLLEGE BOMET CAMPUS MIDWIFERY MIDTER...
2026-01-24 19:44:52,307 - INFO -   [25] CHS 221 END OF SEMESTER EXAMINATION - KENYA MEDICAL TRAINING...
2026-01-24 19:44:52,386 - INFO -   [26] Psychiatry Examination - Kenya Medical Training College (KRC...
2026-01-24 19:44:52,448 - INFO -   [27] KJSEA Integrated Science Topical Test: Living Things & Envir...
2026-01-24 19:44:52,509 - INFO -   [28] CERT Trauma 2 Exam Paper - Kenya Medical Training College...
2026-01-24 19:44:52,572 - INFO -   [29] KENYA MEDICAL TRAINING COLLEGE KRCHN CLASS BILIARY & ALIMENT...
2026-01-24 19:44:52,633 - INFO -   [30] KENYA MEDICAL TRAINING COLLEGE KRCHN PHARMACOLOGY END OF YEA...
2026-01-24 19:44:52,634 - INFO - 💾 Page 2: 30 new documents saved (skipped 0 duplicates) | Total: 60
2026-01-24 19:44:52,650 - INFO - Moving to page 3 after 3s delay
2026-01-24 19:44:55,650 - INFO - Scraping page 3 (attempt 1/3)
2026-01-24 19:44:56,645 - INFO - Waiting for page to load...
2026-01-24 19:45:56,757 - INFO - Page loaded successfully using selector: a[href*="/document/"]
2026-01-24 19:45:59,778 - INFO - Found 30 elements using selector: a[href*="/document/"]
2026-01-24 19:45:59,778 - INFO - Processing 30 document cards on page 3
2026-01-24 19:45:59,857 - INFO -   [1] KENYA MEDICAL TRAINING COLLEGE KRCHN DERMATOLOGY END OF YEAR...
2026-01-24 19:45:59,936 - INFO -   [2] KENYA MEDICAL TRAINING COLLEGE KRCHN FIRST SEMESTER FIRST AI...
2026-01-24 19:46:00,007 - INFO -   [3] KENYA MEDICAL TRAINING COLLEGE KRCHN PHARMACOLOGY END OF YEA...
2026-01-24 19:46:00,076 - INFO -   [4] KENYA MEDICAL TRAINING COLLEGE KRCHN SEM 1 SOCIAL ANTHROPOLO...
2026-01-24 19:46:00,150 - INFO -   [5] KENYA MEDICAL TRAINING COLLEGE KRCHN ORTHOPAEDICS END OF YEA...
2026-01-24 19:46:00,236 - INFO -   [6] KENYA MEDICAL TRAINING COLLEGE KRCHN PHARMACOLOGY END OF YEA...
2026-01-24 19:46:00,306 - INFO -   [7] KENYA MEDICAL TRAINING COLLEGE KRCHN NUTRITION END OF YEAR E...
2026-01-24 19:46:00,372 - INFO -   [8] KENYA MEDICAL TRAINING COLLEGE KRCHN MICROBIOLOGY END OF YEA...
2026-01-24 19:46:00,447 - INFO -   [9] KENYA MEDICAL TRAINING COLLEGE KRCHN EPIDEMIOLOGY END OF YEA...
2026-01-24 19:46:00,514 - INFO -   [10] KENYA MEDICAL TRAINING COLLEGE YEAR 2 DIPLOMA NURSING FINAL ...
2026-01-24 19:46:00,581 - INFO -   [11] KENYA MEDICAL TRAINING COLLEGE KRCHN NEUROLOGY END OF YEAR E...
2026-01-24 19:46:00,647 - INFO -   [12] KENYA MEDICAL TRAINING COLLEGE KRCHN NURSING END OF YEAR EXA...
2026-01-24 19:46:00,720 - INFO -   [13] KENYA MEDICAL TRAINING COLLEGE KRCHN ORTHOPAEDICS END OF YEA...
2026-01-24 19:46:00,789 - INFO -   [14] KENYA MEDICAL TRAINING COLLEGE KRCHN CLASS END OF YEAR EXAM ...
2026-01-24 19:46:00,852 - INFO -   [15] KENYA MEDICAL TRAINING COLLEGE KRCHN END OF YEAR 1 EXAM SEPT...
2026-01-24 19:46:00,918 - INFO -   [16] KENYA MEDICAL TRAINING COLLEGE KRCHN Cardiovascular Notes - ...
2026-01-24 19:46:00,984 - INFO -   [17] KENYA MEDICAL TRAINING COLLEGE KRCHN YEAR 1 SEM 2 EXAM MARCH...
2026-01-24 19:46:01,048 - INFO -   [18] KENYA MEDICAL TRAINING COLLEGE KRCHN YEAR 1 SEM II EXAM MARC...
2026-01-24 19:46:01,122 - INFO -   [19] KENYA MEDICAL TRAINING COLLEGE KRCHN OPHTHALMOLOGY END OF YE...
2026-01-24 19:46:01,188 - INFO -   [20] KENYA MEDICAL TRAINING COLLEGE KRCHN FUNDAMENTALS OF NURSING...
2026-01-24 19:46:01,259 - INFO -   [21] KENYA MEDICAL TRAINING COLLEGE KRCHN PSYCHOLOGY END OF SEMES...
2026-01-24 19:46:01,330 - INFO -   [22] KENYA MEDICAL TRAINING COLLEGE: YEAR 1 COMMUNITY HEALTH NURS...
2026-01-24 19:46:01,400 - INFO -   [23] KENYA MEDICAL TRAINING COLLEGE KRCHN NURSING END OF YEAR EXA...
2026-01-24 19:46:01,465 - INFO -   [24] KENYA MEDICAL TRAINING COLLEGE KRCHN MICROBIOLOGY END OF SEM...
2026-01-24 19:46:01,527 - INFO -   [25] KENYA MEDICAL TRAINING COLLEGE KRCHN SOCIAL ANTHROPOLOGY SEM...
2026-01-24 19:46:01,591 - INFO -   [26] KENYA MEDICAL TRAINING COLLEGE KRCHN 1ST SEMESTER ANATOMY & ...
2026-01-24 19:46:01,680 - INFO -   [27] KENYA MEDICAL TRAINING COLLEGE KRCHN END OF YEAR 3 EXAM SEPT...
2026-01-24 19:46:01,753 - INFO -   [28] KENYA MEDICAL TRAINING COLLEGE KRCHN YEAR 3 SEM 1 EXAM SEPT ...
2026-01-24 19:46:01,814 - INFO -   [29] KENYA MEDICAL TRAINING COLLEGE KRCHN CARDIOVASCULAR END OF Y...
2026-01-24 19:46:01,874 - INFO -   [30] KENYA MEDICAL TRAINING COLLEGE BUSIA NURSING END OF SEMESTER...
2026-01-24 19:46:01,875 - INFO - 💾 Page 3: 30 new documents saved (skipped 0 duplicates) | Total: 90
2026-01-24 19:46:01,888 - INFO - Moving to page 4 after 3s delay
2026-01-24 19:46:04,888 - INFO - Scraping page 4 (attempt 1/3)
2026-01-24 19:46:05,882 - INFO - Waiting for page to load...
2026-01-24 19:47:06,351 - INFO - Page loaded successfully using selector: a[href*="/document/"]
2026-01-24 19:47:09,368 - INFO - Found 30 elements using selector: a[href*="/document/"]
2026-01-24 19:47:09,369 - INFO - Processing 30 document cards on page 4
2026-01-24 19:47:09,441 - INFO -   [1] KENYA MEDICAL TRAINING COLLEGE KRCHN CLASS COMMUNITY DIAGNOS...
2026-01-24 19:47:09,512 - INFO -   [2] KENYA MEDICAL TRAINING COLLEGE MARCH 2025 KRCHN SOCIO-ANTHRO...
2026-01-24 19:47:09,583 - INFO -   [3] KENYA MEDICAL TRAINING COLLEGE KRCHN NEUROLOGY END OF YEAR E...
2026-01-24 19:47:09,652 - INFO -   [4] KENYA MEDICAL TRAINING COLLEGE KRCHN YEAR 2 SEM 1 EXAM MARCH...
2026-01-24 19:47:09,722 - INFO -   [5] Genito-Urinary Exam Paper - Kenya Medical Training College (...
2026-01-24 19:47:09,806 - INFO -   [6] KENYA MEDICAL TRAINING COLLEGE YEAR 2 PHARMACOLOGY II FINAL ...
2026-01-24 19:47:09,877 - INFO -   [7] KENYA MEDICAL TRAINING COLLEGE IPT 109 END OF SEMESTER EXAMI...
2026-01-24 19:47:09,945 - INFO -   [8] UPOTMTRAUMA KENYA MEDICAL TRAINING COLLEGE DIPLOMA END OF SE...
2026-01-24 19:47:10,016 - INFO -   [9] KENYA MEDICAL TRAINING COLLEGE YEAR 2, END OF SEM 1 EXAM: RE...
2026-01-24 19:47:10,085 - INFO -   [10] KENYA MEDICAL TRAINING COLLEGE KRCHN YEAR 1 SEM 2 PAEDIATRIC...
2026-01-24 19:47:10,152 - INFO -   [11] KENYA MEDICAL TRAINING COLLEGE KRCHN YEAR 1 SEM 1 NUTRITION ...
2026-01-24 19:47:10,224 - INFO -   [12] KENYA MEDICAL TRAINING COLLEGE KRCHN FUNDAMENTALS OF NURSING...
2026-01-24 19:47:10,293 - INFO -   [13] KENYA MEDICAL TRAINING COLLEGE ORGANIC CHEMISTRY I END OF SE...
2026-01-24 19:47:10,357 - INFO -   [14] KENYA MEDICAL TRAINING COLLEGE KRCHN CLASS B BILLIARY & ALIM...
2026-01-24 19:47:10,421 - INFO -   [15] KENYA MEDICAL TRAINING COLLEGE NYAMIRA END OF SEM 1 ANATOMY ...
2026-01-24 19:47:10,488 - INFO -   [16] Epidemiology 1 Exam Marking Key - Kenya Medical Training Col...
2026-01-24 19:47:10,550 - INFO -   [17] KENYA MEDICAL TRAINING COLLEGE KRCHN YEAR 1 SEM 2 PAEDIATRIC...
2026-01-24 19:47:10,615 - INFO -   [18] KENYA MEDICAL TRAINING COLLEGE KRCHN YEAR 1 SEM 1 MICROBIOLO...
2026-01-24 19:47:10,691 - INFO -   [19] KENYA MEDICAL TRAINING COLLEGE KRCHN END OF YEAR 2 SUPP EXAM...
2026-01-24 19:47:10,770 - INFO -   [20] KENYA MEDICAL TRAINING COLLEGE KRCHN PHARMACOLOGY END OF FIR...
2026-01-24 19:47:10,837 - INFO -   [21] KENYA MEDICAL TRAINING COLLEGE KRCHN FONP END OF INTRO BLOCK...
2026-01-24 19:47:10,904 - INFO -   [22] KENYA MEDICAL TRAINING COLLEGE KRCHN YEAR I SEM II PHARMACOL...
2026-01-24 19:47:10,977 - INFO -   [23] KENYA MEDICAL TRAINING COLLEGE KRCHN YEAR 1 SEM 1 ANATOMY EX...
2026-01-24 19:47:11,053 - INFO -   [24] KENYA MEDICAL TRAINING COLLEGE KRCHN YEAR 1 SEM 1 MICROBIOLO...
2026-01-24 19:47:11,117 - INFO -   [25] KENYA MEDICAL TRAINING COLLEGE KRCHN MIDWIFERY YEAR 1 SEM 1 ...
2026-01-24 19:47:11,191 - INFO -   [26] KENYA MEDICAL TRAINING COLLEGE KRCHN END OF YEAR 2 SUPP EXAM...
2026-01-24 19:47:11,253 - INFO -   [27] KENYA MEDICAL TRAINING COLLEGE KRCHN COMMUNITY HEALTH END OF...
2026-01-24 19:47:11,314 - INFO -   [28] KENYA MEDICAL TRAINING COLLEGE KRCHN COMMUNITY HEALTH END OF...
2026-01-24 19:47:11,384 - INFO -   [29] KENYA MEDICAL TRAINING COLLEGE KRCHN YEAR 1 SEM 2 PHARMACOLO...
2026-01-24 19:47:11,455 - INFO -   [30] KENYA MEDICAL TRAINING COLLEGE KRCHN YEAR 1 SEM 2 PALLIATIVE...
2026-01-24 19:47:11,456 - INFO - 💾 Page 4: 30 new documents saved (skipped 0 duplicates) | Total: 120
2026-01-24 19:47:11,468 - INFO - Moving to page 5 after 3s delay
2026-01-24 19:47:14,469 - INFO - Scraping page 5 (attempt 1/3)
2026-01-24 19:47:15,504 - INFO - Waiting for page to load...
2026-01-24 19:48:16,480 - INFO - Page loaded successfully using selector: a[href*="/document/"]
2026-01-24 19:48:19,498 - INFO - Found 30 elements using selector: a[href*="/document/"]
2026-01-24 19:48:19,498 - INFO - Processing 30 document cards on page 5
2026-01-24 19:48:19,558 - INFO -   [1] KENYA MEDICAL TRAINING COLLEGE KRCHN NEUROLOGY END OF YEAR S...
2026-01-24 19:48:19,627 - INFO -   [2] KENYA MEDICAL TRAINING COLLEGE KRCHN YEAR 1 SEM 1 MIDWIFERY ...
2026-01-24 19:48:19,688 - INFO -   [3] KENYA MEDICAL TRAINING COLLEGE M & S 2020 COMM Skills Y1S1 E...
2026-01-24 19:48:19,751 - INFO -   [4] KENYA MEDICAL TRAINING COLLEGE KRCHN YEAR 1 SEM 1 COUNSELLIN...
2026-01-24 19:48:19,825 - INFO -   [5] KENYA MEDICAL TRAINING COLLEGE KRCHN YEAR I SEM II CARDIOVAS...
2026-01-24 19:48:19,891 - INFO -   [6] KENYA MEDICAL TRAINING COLLEGE YEAR 1 END OF SEMESTER 2 EXAM...
2026-01-24 19:48:19,953 - INFO -   [7] COMMUNICABLE DISEASES EXAM MCQs for Review and Practice...
2026-01-24 19:48:20,021 - INFO -   [8] KMTC Diploma Nursing End of Year Exam: Medical Surgical Nurs...
2026-01-24 19:48:20,084 - INFO -   [9] Microbiology Year 1 Exam Marking Scheme - Comprehensive Guid...
2026-01-24 19:48:20,145 - INFO -   [10] Hematology - End of Semester Exam Questions Compilation (Fin...
2026-01-24 19:48:20,213 - INFO -   [11] END OF YEAR 1 SEM 1 MICROBIOLOGY & IMMUNOLOGY EXAM - MARCH 2...
2026-01-24 19:48:20,277 - INFO -   [12] KMTC/QP-08/TIS: First Aid Exam for KRCHN Class, March 2017...
2026-01-24 19:48:20,342 - INFO -   [13] Paper 1 - Exam Notes: Medical Field MCQs, SAQs, and LAQs...
2026-01-24 19:48:20,415 - INFO -   [14] Psychology 1.1 - Revision Notes for Final Exam (20 Marks)...
2026-01-24 19:48:20,478 - INFO -   [15] KMTC Exam Policy Guidelines and Procedures for Students...
2026-01-24 19:48:20,545 - INFO -   [16] Pharmacology II (PHAR 202) March 2021 Supplementary Exam MCQ...
2026-01-24 19:48:20,607 - INFO -   [17] PHI 201: Hospital Admin Stat Exam 2 Questions & Answers Guid...
2026-01-24 19:48:20,671 - INFO -   [18] Stat Quiz - Key Questions and Answers for Statistics Course...
2026-01-24 19:48:20,745 - INFO -   [19] Endocrine Exam - Past Papers for KMTC/QP-07 - Sept 2014...
2026-01-24 19:48:20,814 - INFO -   [20] Gud CAT.B4 - Renal and GUD Nursing Council Exam Revision Que...
2026-01-24 19:48:20,876 - INFO -   [21] Final Exam: Trauma & Emergency Management Questions (TE-101)...
2026-01-24 19:48:20,939 - INFO -   [22] Final Qualifying Exam - Clinical Medicine & Surgery - Commun...
2026-01-24 19:48:21,001 - INFO -   [23] FQE IET 2 Exam Paper - Diploma in Medical Imaging Sciences...
2026-01-24 19:48:21,062 - INFO -   [24] NRB Pulmonary Nursing Exam Questions & Answers - End of Year...
2026-01-24 19:48:21,122 - INFO -   [25] COTM 2.1 M2022 Health Systems Management Exam Marking Key...
2026-01-24 19:48:21,198 - INFO -   [26] Cardiovascular Studies Review: End of Semester Exam Q&A Guid...
2026-01-24 19:48:21,262 - INFO -   [27] Community First Aid Exam - Certificate in Community Health C...
2026-01-24 19:48:21,321 - INFO -   [28] CAT EMT Anatomy II - Continuous Assessment Test 2024...
2026-01-24 19:48:21,381 - INFO -   [29] Family Planning Final Exam - Block I - KAPMED 2018...
2026-01-24 19:48:21,442 - INFO -   [30] Fundamentals of Nursing KRCHN Sept 2021 End of Semester Exam...
2026-01-24 19:48:21,443 - INFO - 💾 Page 5: 30 new documents saved (skipped 0 duplicates) | Total: 150
2026-01-24 19:48:21,455 - INFO - Moving to page 6 after 3s delay
2026-01-24 19:48:24,455 - INFO - Scraping page 6 (attempt 1/3)
2026-01-24 19:48:25,346 - INFO - Waiting for page to load...
2026-01-24 19:49:25,455 - INFO - Page loaded successfully using selector: a[href*="/document/"]
2026-01-24 19:49:28,483 - INFO - Found 30 elements using selector: a[href*="/document/"]
2026-01-24 19:49:28,483 - INFO - Processing 30 document cards on page 6
2026-01-24 19:49:28,553 - INFO -   [1] Grade 6 Endterm 2 S1 EXAM...
2026-01-24 19:49:28,617 - INFO -   [2] NURS 6531 Final Exam Spring 2024 Study Guide with Key Answer...
2026-01-24 19:49:28,682 - INFO -   [3] FQE IET Quiz-1: Essential IPA Concepts and Questions...
2026-01-24 19:49:28,750 - INFO -   [4] Anatomy and Physiology Exam - End of Semester 1 (KRCHN)...
2026-01-24 19:49:28,833 - INFO -   [5] Nervous System Quiz: Key Concepts and Questions for Success...
2026-01-24 19:49:28,903 - INFO -   [6] COTM 1.2 S2022 Final Exam on Casting & Splinting Techniques...
2026-01-24 19:49:28,978 - INFO -   [7] End of Year 1 Sem 1 Nursing Exam - KRCHN Class, Sept 2014...
2026-01-24 19:49:29,040 - INFO -   [8] HDC [CHR 245 & 249] - Internal Exam Paper on Disease Coding ...
2026-01-24 19:49:29,103 - INFO -   [9] Pharmacology - End of Semester Exam Questions Review and Tip...
2026-01-24 19:49:29,166 - INFO -   [10] Medical Surgery: Past Exam Q&As Compilation for Revision...
2026-01-24 19:49:29,231 - INFO -   [11] M&E I MOE 106 Endterm Exam - Practical Marking Key & Questio...
2026-01-24 19:49:29,292 - INFO -   [12] HIV/AIDS Exam - MCQs for Public Health Understanding...
2026-01-24 19:49:29,350 - INFO -   [13] KRCHN 2023 Perioperative Nursing End of Block 4 Exam Guide...
2026-01-24 19:49:29,409 - INFO -   [14] Physiotherapy Licence TEST (AA220) - Written Exam Instructio...
2026-01-24 19:49:29,479 - INFO -   [15] General Anatomy & Physiology NUR 101 Sample Exam Questions...
2026-01-24 19:49:29,536 - INFO -   [16] Environmental Health Final Exam - KRCHN SEPT 2021...
2026-01-24 19:49:29,596 - INFO -   [17] Business Plan Exam - Comprehensive BP Exam Questions and Ans...
2026-01-24 19:49:29,668 - INFO -   [18] 2024 K.C.S.E. Mathematics Paper 2 Trans-County Exam Question...
2026-01-24 19:49:29,751 - INFO -   [19] 2023 HESI Med Surg Exit Exam V1 Q&As for Guaranteed A+ Succe...
2026-01-24 19:49:29,816 - INFO -   [20] ATI Peds Midterm Exam: Motor & Cognitive Development Milesto...
2026-01-24 19:49:29,882 - INFO -   [21] Parm2 Final Exam: Pharmacology & Dental Health September 202...
2026-01-24 19:49:29,947 - INFO -   [22] IET III Promotional Exam-1: Fluoroscopy and Imaging Principl...
2026-01-24 19:49:30,007 - INFO -   [23] Indirect Coombs Test SOP (No. 019) - Laboratory Procedures...
2026-01-24 19:49:30,075 - INFO -   [24] Medical Demography Exam Notes...
2026-01-24 19:49:30,134 - INFO -   [25] EXAM of environmental health for practice...
2026-01-24 19:49:30,208 - INFO -   [26] EPID 101 Quiz: Key Questions and Answers on Epidemiology Con...
2026-01-24 19:49:30,271 - INFO -   [27] Hospital Housekeeping Procedures Special Exam (CHSS) Level 5...
2026-01-24 19:49:30,333 - INFO -   [28] HISTOPATHOLOGY 1.2 EXAM 3: MCQs & Short Answer Questions Gui...
2026-01-24 19:49:30,396 - INFO -   [29] General Medicine END SEM EXAM 1.2 Review Questions & Answers...
2026-01-24 19:49:30,456 - INFO -   [30] Demography Quiz Revision - Medical Demography (DIPLOMA)...
2026-01-24 19:49:30,458 - INFO - 💾 Page 6: 30 new documents saved (skipped 0 duplicates) | Total: 180
2026-01-24 19:49:30,468 - INFO - Moving to page 7 after 3s delay
2026-01-24 19:49:33,468 - INFO - Scraping page 7 (attempt 1/3)
2026-01-24 19:49:34,355 - INFO - Waiting for page to load...
2026-01-24 19:50:35,355 - INFO - Page loaded successfully using selector: a[href*="/document/"]
2026-01-24 19:50:38,377 - INFO - Found 30 elements using selector: a[href*="/document/"]
2026-01-24 19:50:38,377 - INFO - Processing 30 document cards on page 7
2026-01-24 19:50:38,449 - INFO -   [1] Principles of EMS - Exam Study Notes for EMT Students...
2026-01-24 19:50:38,525 - INFO -   [2] Human Psychology Exam Revision - KMT 101 Common Module CATS...
2026-01-24 19:50:38,598 - INFO -   [3] MS WORD Practical Test 1: HRI March 2024 Assignment Instruct...
2026-01-24 19:50:38,666 - INFO -   [4] Ultrasound Physics and Instrumentation, 5e Final Exam A Answ...
2026-01-24 19:50:38,749 - INFO -   [5] Pharm 101: Revision Quiz for Sept 19 on Diabetes Medications...
2026-01-24 19:50:38,844 - INFO -   [6] KRCHN (BASIC) FINAL EXAM: PAST PAPERS - PAPER FOUR AUG 2012...
2026-01-24 19:50:38,910 - INFO -   [7] KRCHN (BASIC) FINAL QUALIFYING EXAMINATION PAPER FOUR JUNE 2...
2026-01-24 19:50:38,981 - INFO -   [8] AAOS EMT Exam 2 Study Guide: Key Concepts & Treatment Protoc...
2026-01-24 19:50:39,050 - INFO -   [9] COS 102 Communication Skills Special Exam Review Guide...
2026-01-24 19:50:39,115 - INFO -   [10] Community Health Test Paper 1: True/False & Essay Questions...
2026-01-24 19:50:39,179 - INFO -   [11] Lymphatic System Revision Quiz - Essential Questions and Ans...
2026-01-24 19:50:39,243 - INFO -   [12] Introductory Block Exam: Pharmacology Key March 2023...
2026-01-24 19:50:39,307 - INFO -   [13] Cbhmis Exam 1 - PHI 301: Community Health Management Insight...
2026-01-24 19:50:39,368 - INFO -   [14] Research Exam MCQs - April 2016...
2026-01-24 19:50:39,437 - INFO -   [15] IPC QUIZ for HSS - 2023 TVET CDACC...
2026-01-24 19:50:39,505 - INFO -   [16] HEALTH 2025: Anatomy and Physiology Semester End Exam...
2026-01-24 19:50:39,581 - INFO -   [17] Dermatological Nursing Exam (DIPLOMA IN RCH) - Year 3, Sem 1...
2026-01-24 19:50:39,650 - INFO -   [18] Final Exam Notes on Environmental Emergencies (HEALTH101)...
2026-01-24 19:50:39,742 - INFO -   [19] 2025 NCK Exam Instructions & Schedule for Nursing Candidates...
2026-01-24 19:50:39,812 - INFO -   [20] SOP for HCG Detection (Urine Test) - JMC Laboratory Procedur...
2026-01-24 19:50:39,881 - INFO -   [21] RAN 2 QUIZ - Comprehensive Anatomy & Physiology Notes for St...
2026-01-24 19:50:39,944 - INFO -   [22] AAOS EMT EXAM 1 Study Guide: Verified Q&A for 2023...
2026-01-24 19:50:40,008 - INFO -   [23] AAOS EMT Trauma Test Q&A Review Notes for Success...
2026-01-24 19:50:40,084 - INFO -   [24] Quiz Results: Medcrine NCK 2009 - Understanding Clinical Imp...
2026-01-24 19:50:40,151 - INFO -   [25] HIS 101 Exam 1 - Comprehensive Review of Health Information ...
2026-01-24 19:50:40,235 - INFO -   [26] MS WORD and Excel Exam for Certificate class...
2026-01-24 19:50:40,309 - INFO -   [27] Iaphl M&E Quiz Answers - Comprehensive Review and Insights...
2026-01-24 19:50:40,370 - INFO -   [28] Psychiatry - KMTC/QP-07/TIS Final Exam Prep and Lecture Note...
2026-01-24 19:50:40,442 - INFO -   [29] Epidemiology Test Notes - FQE...
2026-01-24 19:50:40,510 - INFO -   [30] KENYA MEDICA TRAINING COLLEGE CERTIFICATE IN HEALTH RECORDS ...
2026-01-24 19:50:40,512 - INFO - 💾 Page 7: 30 new documents saved (skipped 0 duplicates) | Total: 210
2026-01-24 19:50:40,525 - INFO - Moving to page 8 after 3s delay
2026-01-24 19:50:43,526 - INFO - Scraping page 8 (attempt 1/3)
2026-01-24 19:50:44,397 - INFO - Waiting for page to load...
2026-01-24 19:51:44,483 - INFO - Page loaded successfully using selector: a[href*="/document/"]
2026-01-24 19:51:47,502 - INFO - Found 30 elements using selector: a[href*="/document/"]
2026-01-24 19:51:47,502 - INFO - Processing 30 document cards on page 8
2026-01-24 19:51:47,574 - INFO -   [1] KMTC Garissa Campus Dermatology End Term Exam Study Guide...
2026-01-24 19:51:47,638 - INFO -   [2] KRCHN SEPT 2021 INTRODUCTION TO RH MIDWIFERY EXAM PART I & I...
2026-01-24 19:51:47,703 - INFO -   [3] TEST Questions on Communication Skills Patterns (CS 101)...
2026-01-24 19:51:47,768 - INFO -   [4] Health Statistics Final Exam - Certificate Year 2 - Dec 2017...
2026-01-24 19:51:47,843 - INFO -   [5] SOP for H. Pylori Antigen Detection - JMC Lab Procedure...
2026-01-24 19:51:47,923 - INFO -   [6] SOP for Salmonella Ag/Ab Testing Procedures - JMC/LAB/PARA-1...
2026-01-24 19:51:47,987 - INFO -   [7] 2025 NCK Exam Instructions & Schedule for Nurses and Midwive...
2026-01-24 19:51:48,049 - INFO -   [8] Family Planning: Compilation of Past Exam Qs for Health Prom...
2026-01-24 19:51:48,114 - INFO -   [9] ITM 1209 QUIZ - Radiography & Imaging Notes for Exam Prepara...
2026-01-24 19:51:48,177 - INFO -   [10] Anatomy & Physiology Final Exam Review - KMTC Dental Dept....
2026-01-24 19:51:48,240 - INFO -   [11] Nursing CAT Exam - KMTC UG Anatomy & Physiology Review 2017...
2026-01-24 19:51:48,300 - INFO -   [12] ANAT EXAM 2023: MCQs & SAQs Review for End of Semester Exam...
2026-01-24 19:51:48,357 - INFO -   [13] Environmental Science Final Exam July 2024 Review Questions...
2026-01-24 19:51:48,417 - INFO -   [14] TOP DRIVER IL Final Exam 2024: 150+ Actual Questions & Answe...
2026-01-24 19:51:48,480 - INFO -   [15] ATI Fundamentals Test Exam 14 Review for 2024 Preparation...
2026-01-24 19:51:48,544 - INFO -   [16] Medical Terminology Quiz Answers...
2026-01-24 19:51:48,608 - INFO -   [17] Communication Skills Quiz - Level A, B & C...
2026-01-24 19:51:48,671 - INFO -   [18] NUR 202: Nursing Pharmacology Sample Exam Questions with Ans...
2026-01-24 19:51:48,747 - INFO -   [19] SOP 014 - Confirmatory HIV Testing Procedure with First Resp...
2026-01-24 19:51:48,805 - INFO -   [20] Practice Questions: Chi-Square Goodness of Fit Test Examples...
2026-01-24 19:51:48,866 - INFO -   [21] Ear, Nose & Throat Quiz 1: MCQs & Short Answers for Study...
2026-01-24 19:51:48,924 - INFO -   [22] SOP for Sickling Test (SOP 024) - Tabaka Mission Hospital La...
2026-01-24 19:51:48,983 - INFO -   [23] Entrepreneurship Main Exam QCICT 1203 - Year 1 Sem II...
2026-01-24 19:51:49,040 - INFO -   [24] COC MAY 2025 BCM - Past Exam Questions on Clinical Medicine ...
2026-01-24 19:51:49,102 - INFO -   [25] MET 203: Medical Terminology II Study Notes and Exam Prep...
2026-01-24 19:51:49,180 - INFO -   [26] Community Based Organizations Exam CDACC 2025: Semester End ...
2026-01-24 19:51:49,248 - INFO -   [27] Meat Inspection & Technology Exam - EHS 2014, 2nd Year...
2026-01-24 19:51:49,310 - INFO -   [28] Document Analysis for Course Codes & Final Exam Details...
2026-01-24 19:51:49,376 - INFO -   [29] ITM IV Quiz: Key Concepts in Radiotherapy and Treatment Plan...
2026-01-24 19:51:49,443 - INFO -   [30] Hematology and Cardiovascular Nursing Quiz: MCQs and Short A...
2026-01-24 19:51:49,445 - INFO - 💾 Page 8: 30 new documents saved (skipped 0 duplicates) | Total: 240
2026-01-24 19:51:49,458 - INFO - Moving to page 9 after 3s delay
2026-01-24 19:51:52,458 - INFO - Scraping page 9 (attempt 1/3)
2026-01-24 19:51:53,184 - INFO - Waiting for page to load...
2026-01-24 19:52:53,725 - INFO - Page loaded successfully using selector: a[href*="/document/"]
2026-01-24 19:52:56,746 - INFO - Found 30 elements using selector: a[href*="/document/"]
2026-01-24 19:52:56,746 - INFO - Processing 30 document cards on page 9
2026-01-24 19:52:56,823 - INFO -   [1] Pharmacology Exam 1 - AIC Kijabe College of Health Sciences ...
2026-01-24 19:52:56,897 - INFO -   [2] GUD 101 - Renal & GUD Revision Questions for Licensure Exam...
2026-01-24 19:52:56,978 - INFO -   [3] NUR 101 - Flash Quiz on Nursing Process and Prioritization T...
2026-01-24 19:52:57,047 - INFO -   [4] Ultrasound Bioinstrumentation Exam Sample Questions (UHB401)...
2026-01-24 19:52:57,116 - INFO -   [5] Disaster MNX Exam - Continuous Assessment Test Insights...
2026-01-24 19:52:57,197 - INFO -   [6] FQE IET 2017 Medical Imaging Final Exam Questions & Instruct...
2026-01-24 19:52:57,267 - INFO -   [7] Comp Exam 2 - Multiple Choice Questions Notes for KNTCIY...
2026-01-24 19:52:57,332 - INFO -   [8] Grade 4 Mid T1 Language Activities Assessment Exam Set 3...
2026-01-24 19:52:57,408 - INFO -   [9] Epidemiology & Neurological Nursing: Exam 2 Study Notes...
2026-01-24 19:52:57,483 - INFO -   [10] PTE Academic Test Taker Handbook - January 2024 Edition V5...
2026-01-24 19:52:57,548 - INFO -   [11] Test Bank for Seidel's Guide to Physical Exam, 10th Ed....
2026-01-24 19:52:57,630 - INFO -   [12] Test Bank for Nutritional Foundations 7th Ed: Diabetes Melli...
2026-01-24 19:52:57,708 - INFO -   [13] IPA Practice QUIZ - revision...
2026-01-24 19:52:57,775 - INFO -   [14] Preeclampsia and Eclampsia NCLEX Quiz for Nursing Students...
2026-01-24 19:52:57,852 - INFO -   [15] Research Methods Exam II: Key Topics & Concepts Explained...
2026-01-24 19:52:57,924 - INFO -   [16] SOP for Direct Coombs Antiglobulin Test (DCT/DAT) - Procedur...
2026-01-24 19:52:58,000 - INFO -   [17] HIV/AIDS Course - Orthopedic & Trauma Medicine Exam Question...
2026-01-24 19:52:58,081 - INFO -   [18] Psychology Exam Paper & Marking Key (PSY101, Year 1, Sem 1)...
2026-01-24 19:52:58,169 - INFO -   [19] Patient Assessment Practice Exam (Course Code: PAT-101)...
2026-01-24 19:52:58,240 - INFO -   [20] KMTC Nursing 1.1 Exam Revision Booklet by Maliko Jr (With An...
2026-01-24 19:52:58,310 - INFO -   [21] Health Statistics II - Year 1 End of Semester Exam Revision...
2026-01-24 19:52:58,389 - INFO -   [22] Communication for Nurses - Quiz Final Exam...
2026-01-24 19:52:58,468 - INFO -   [23] TVET Level 6 Unit Competency: Entrepreneurship Assessor's Gu...
2026-01-24 19:52:58,540 - INFO -   [24] PUMWANI MATERNITY COLLEGE NURSING MIDWIFERY BASIC SEM 2 YEAR...
2026-01-24 19:52:58,609 - INFO -   [25] COMMUNITY HEALTH DIAGNOSIS FINAL EXAM INSTRUCTIONS & QUESTIO...
2026-01-24 19:52:58,694 - INFO -   [26] Midwifery I Exam Questions and Answers (Course Code: 094554)...
2026-01-24 19:52:58,780 - INFO -   [27] Psychology 101: Practice Exam I - The Adaptive Mind (Nairne)...
2026-01-24 19:52:58,875 - INFO -   [28] PHM 1203 Pharmacology Promotional Exam - KMT College...
2026-01-24 19:52:58,956 - INFO -   [29] E Health Exams - Level 5 Assessment (Unit Code: HEALTH RECOR...
2026-01-24 19:52:59,034 - INFO -   [30] HSCU 003 - Fundamentals of Environmental Health Exam Guide...
2026-01-24 19:52:59,036 - INFO - 💾 Page 9: 30 new documents saved (skipped 0 duplicates) | Total: 270
2026-01-24 19:52:59,050 - INFO - Moving to page 10 after 3s delay
2026-01-24 19:53:02,050 - INFO - Scraping page 10 (attempt 1/3)
2026-01-24 19:53:02,746 - INFO - Waiting for page to load...
2026-01-24 19:54:03,296 - INFO - Page loaded successfully using selector: a[href*="/document/"]
2026-01-24 19:54:06,316 - INFO - Found 30 elements using selector: a[href*="/document/"]
2026-01-24 19:54:06,316 - INFO - Processing 30 document cards on page 10
2026-01-24 19:54:06,381 - INFO -   [1] Statistics II Exam Notes (DHRIT 2122) - Measures of Central ...
2026-01-24 19:54:06,438 - INFO -   [2] Derma 101 Final Exam Study Guide: Skin Functions & Condition...
2026-01-24 19:54:06,499 - INFO -   [3] Public Health Quiz (PH101): Data Management & Ethics Questio...
2026-01-24 19:54:06,557 - INFO -   [4] IPT - Quiz on Image Degradation in Fluoroscopy Techniques...
2026-01-24 19:54:06,624 - INFO -   [5] M&S 2020 Diploma in Community Health Nursing Sociology Exam...
2026-01-24 19:54:06,703 - INFO -   [6] Newborn Clinical Examination Handbook: Essential Guide for C...
2026-01-24 19:54:06,766 - INFO -   [7] BML 115 Final Exam: Behavioral Sciences and Ethics Overview...
2026-01-24 19:54:06,825 - INFO -   [8] Pharmacology Clinical Medicine Exam - Our Lady of Lourdes Mw...
2026-01-24 19:54:06,893 - INFO -   [9] Pharmacology Quiz (PHARM 101): Key Questions & Answers...
2026-01-24 19:54:06,955 - INFO -   [10] Marking Scheme for CERTIFICATE IN HEALTH RECORD AND INFORMAT...
2026-01-24 19:54:07,019 - INFO -   [11] Midwifery Revision Questions for Nursing Students - Licensur...
2026-01-24 19:54:07,079 - INFO -   [12] Final Exam Notes: CNS Structure & Function (BIOL 101)...
2026-01-24 19:54:07,143 - INFO -   [13] Basic Anesthesia Special Exam - JFC MUNENE COLLEGE 2025...
2026-01-24 19:54:07,205 - INFO -   [14] CAL TRAINING A E D I E COLLEGE KENYA COMMUNICATION SKILLS EX...
2026-01-24 19:54:07,270 - INFO -   [15] Fluoroscopy Quiz 1: Key Components & Image Quality Factors...
2026-01-24 19:54:07,338 - INFO -   [16] SURG SPN - Comprehensive Review of End-of-Semester Exam Ques...
2026-01-24 19:54:07,405 - INFO -   [17] Final Exam: Certificate in Community Health Nursing - Year 1...
2026-01-24 19:54:07,465 - INFO -   [18] Bones Quiz Answers - Key for Human Body Series...
2026-01-24 19:54:07,548 - INFO -   [19] HIV Basics – Key Information and Test Questions for Understa...
2026-01-24 19:54:07,616 - INFO -   [20] Nursing Exam Review: Past Papers & Clinical Questions (NURS ...
2026-01-24 19:54:07,685 - INFO -   [21] Counselling Psychology Level 5 & 6 CDACC Exam Timetable July...
2026-01-24 19:54:07,753 - INFO -   [22] Occupational Health Final Examination: September 2021 - KCCB...
2026-01-24 19:54:07,817 - INFO -   [23] BIOS 242 Exam 2 Comprehensive Q&A Review Guide 2023/2024...
2026-01-24 19:54:07,884 - INFO -   [24] ASCP Certification Exam: Practice Q&A for Success in Clinica...
2026-01-24 19:54:07,943 - INFO -   [25] ASCP BOC 2023 Practice Exam Q&A Study Set for Clinical Lab P...
2026-01-24 19:54:08,023 - INFO -   [26] Bios 242 Exam 2 Comprehensive Q&A Study Guide...
2026-01-24 19:54:08,086 - INFO -   [27] BIO PP1 S6 Exam Question Paper 10 with Marking Scheme Detail...
2026-01-24 19:54:08,148 - INFO -   [28] Sept 2021 Intro Exam: Psychology, Microbiology & Nursing Ski...
2026-01-24 19:54:08,206 - INFO -   [29] Lumbar Puncture Quiz - Seminar Preparation (Course Code: ber...
2026-01-24 19:54:08,267 - INFO -   [30] Parm2 Final Exam Study Questions - September 2022 Class...
2026-01-24 19:54:08,270 - INFO - 💾 Page 10: 30 new documents saved (skipped 0 duplicates) | Total: 300
2026-01-24 19:54:08,281 - INFO - Moving to page 11 after 3s delay
2026-01-24 19:54:11,281 - INFO - Scraping page 11 (attempt 1/3)
2026-01-24 19:54:12,711 - INFO - Waiting for page to load...
2026-01-24 19:55:13,651 - INFO - Page loaded successfully using selector: a[href*="/document/"]
2026-01-24 19:55:16,669 - INFO - Found 30 elements using selector: a[href*="/document/"]
2026-01-24 19:55:16,669 - INFO - Processing 30 document cards on page 11
2026-01-24 19:55:16,733 - INFO -   [1] 1LFIK-127 Internal Medicine Exam Questions - Version 1...
2026-01-24 19:55:16,799 - INFO -   [2] Psychiatry 5 - Practice Exam Questions & Lecture Notes Revie...
2026-01-24 19:55:16,873 - INFO -   [3] Demography Exam Notes for Diploma in Health Records & Info (...
2026-01-24 19:55:16,933 - INFO -   [4] Neurologic Exam Lecture Notes: Key Components and Tools...
2026-01-24 19:55:17,007 - INFO -   [5] Introductory Block Pharmacology Supplementary Exam KRN/M 202...
2026-01-24 19:55:17,082 - INFO -   [6] Nursing Exam Revision Notes: Respiratory System & Disorders ...
2026-01-24 19:55:17,161 - INFO -   [7] KMPDC IQE & Pre-Reg Exam FAQs: Understanding Eligibility & S...
2026-01-24 19:55:17,240 - INFO -   [8] KRNM 2019 Reproductive Health I End of Semester Exam Paper...
2026-01-24 19:55:17,313 - INFO -   [9] KRNM 2019 Midwifery End of Semester Exam Paper: Paper Three...
2026-01-24 19:55:17,390 - INFO -   [10] KRNM Year 2 Sem 2 Safe Motherhood Special Exam MCQs & Short ...
2026-01-24 19:55:17,465 - INFO -   [11] Research II Exam - KEM 2024: Supplementary Paper for Diploma...
2026-01-24 19:55:17,536 - INFO -   [12] Medical Demography I Exam - Diploma in Health Records & IT (...
2026-01-24 19:55:17,601 - INFO -   [13] CS Community Diagnosis - End of Semester Exam Notes...
2026-01-24 19:55:17,667 - INFO -   [14] Pharmacology Exam MCQ & SAQ Review for Nursing Students...
2026-01-24 19:55:17,733 - INFO -   [15] Research Exam Revision Questions: Ethical Considerations & D...
2026-01-24 19:55:17,796 - INFO -   [16] KRCHN Diploma Community Health Nursing Mock Exam Paper 2 - J...
2026-01-24 19:55:17,871 - INFO -   [17] Neurology SAQ Sample Exam E: Key Questions & Answers...
2026-01-24 19:55:17,945 - INFO -   [18] DIPLOMA IN NUTRITION AND DIETETICS END SEMESTER EXAM 2025...
2026-01-24 19:55:18,039 - INFO -   [19] KMTC FQE Mock Exam: Surgery, Trauma, Urogenital & Burns (200...
2026-01-24 19:55:18,122 - INFO -   [20] CNA First Aid Final Exam 2024: Key Questions and Answers...
2026-01-24 19:55:18,204 - INFO -   [21] CNA 2024 Communication Skills End of Course Exam...
2026-01-24 19:55:18,274 - INFO -   [22] Microbiology and Immunology Exam (20 Marks) - Multiple Choic...
2026-01-24 19:55:18,352 - INFO -   [23] Psychology Exam - Multiple Choice Questions & Short Answers ...
2026-01-24 19:55:18,423 - INFO -   [24] CAT 1 EXAM CHIS - Community Health Information System Insigh...
2026-01-24 19:55:18,500 - INFO -   [25] CAT 1 EXAM CHC - Community Health Assistants Assessment Guid...
2026-01-24 19:55:18,583 - INFO -   [26] CAT 1 EXAM CHL - Community Health Linkages Key Concepts...
2026-01-24 19:55:18,657 - INFO -   [27] NUR 101: Fundamentals of Nursing Final Exam Review Questions...
2026-01-24 19:55:18,733 - INFO -   [28] Common Diseases Assessment 091205T4PTT Level 5 - Dec 2022...
2026-01-24 19:55:18,805 - INFO -   [29] General Medicine End of Semester Exam DOTM 2.2 - 25th Sep 20...
2026-01-24 19:55:18,873 - INFO -   [30] End of Semester Exam: Diploma in Community Health Nursing (Y...
2026-01-24 19:55:18,876 - INFO - 💾 Page 11: 30 new documents saved (skipped 0 duplicates) | Total: 330
2026-01-24 19:55:18,887 - INFO - Moving to page 12 after 3s delay
2026-01-24 19:55:21,887 - INFO - Scraping page 12 (attempt 1/3)
2026-01-24 19:55:22,922 - INFO - Waiting for page to load...
2026-01-24 19:56:23,468 - INFO - Page loaded successfully using selector: a[href*="/document/"]
2026-01-24 19:56:26,491 - INFO - Found 30 elements using selector: a[href*="/document/"]
2026-01-24 19:56:26,491 - INFO - Processing 30 document cards on page 12
2026-01-24 19:56:26,582 - INFO -   [1] IPT 11 - Quiz on Detector Response and Camera Types...
2026-01-24 19:56:26,654 - INFO -   [2] KMTC Garissa Campus COTM Class Sept 2024 Orthopedic Trauma C...
2026-01-24 19:56:26,718 - INFO -   [3] END TERM EXAM PSYCHOLOGY (NURSING) MARCH 2024 CLASSES...
2026-01-24 19:56:26,793 - INFO -   [4] IPT QUIZ - Radiographic Film and Intensifying Screens Review...
2026-01-24 19:56:26,865 - INFO -   [5] Monitoring & Evaluation I (M&E) End of Semester Exam Marking...
2026-01-24 19:56:26,941 - INFO -   [6] Comprehensive Health Education Overview for COMP101 Final Ex...
2026-01-24 19:56:27,008 - INFO -   [7] KRCHN (B) SEP 2017 PHARMACOLOGY PROMOTIONAL EXAM PAPER 3...
2026-01-24 19:56:27,075 - INFO -   [8] AMREF VIRTUAL NURSING SCHOOL COLLEGE FINAL EXAM PAPER I - OC...
2026-01-24 19:56:27,155 - INFO -   [9] Complete HIV & AIDS Exam-Proof Question Bank (Unit 1-4)...
2026-01-24 19:56:27,224 - INFO -   [10] ORAL KTX EXAM - Assessment of Kidney Transplant Knowledge...
2026-01-24 19:56:27,291 - INFO -   [11] ENH 121A - Intro to Environmental Pollution Jan Semester Exa...
2026-01-24 19:56:27,360 - INFO -   [12] 1.2 Forensic Science Final Exam MCQs & SAQs (60 MKS)...
2026-01-24 19:56:27,426 - INFO -   [13] Matrices Exam Questions Part A (MATRICES 101)...
2026-01-24 19:56:27,490 - INFO -   [14] Document Analysis and Study Guide for Course XYZ 101: IPC Pr...
2026-01-24 19:56:27,557 - INFO -   [15] Operating Systems (OS) End of Term Exam Dec 2020: Key Topics...
2026-01-24 19:56:27,636 - INFO -   [16] BSc Nursing Final Exam Paper 2 Past Questions and Instructio...
2026-01-24 19:56:27,706 - INFO -   [17] Psychology Sample Test: Questions for Part 1 (10 Marks)...
2026-01-24 19:56:27,777 - INFO -   [18] Exam HIS - Community Health Information System Revision Note...
2026-01-24 19:56:27,862 - INFO -   [19] GYN 101 - Gynaecology Exam Revision Questions...
2026-01-24 19:56:27,936 - INFO -   [20] SKIN CONDITIONS: SEMESTER EXAM MULTIPLE CHOICE QUESTIONS...
2026-01-24 19:56:28,002 - INFO -   [21] NEUROLOGY SEMESTER EXAM: MULTIPLE CHOICE QUESTIONS & ANSWERS...
2026-01-24 19:56:28,071 - INFO -   [22] NCK 110233 - Final Exam Revision Past Questions & Key Concep...
2026-01-24 19:56:28,140 - INFO -   [23] COMM MNGT REVISION QUIZ - PHARMACOVIGILANCE & ENTREPRENEURSH...
2026-01-24 19:56:28,204 - INFO -   [24] Exam Revision Timetable for Nov-Dec (Deep Revision Round 1)...
2026-01-24 19:56:28,272 - INFO -   [25] COMMUNITY HEALTH ASSISTANTS END OF SEM EXAM: ENTRY & MOBILIZ...
2026-01-24 19:56:28,354 - INFO -   [26] KMTC EMT PRACTICAL EXAM SAMPLE PAPER (40 MARKS)...
2026-01-24 19:56:28,426 - INFO -   [27] Diploma in Health Records & Info Tech: Pathology CAT Paper...
2026-01-24 19:56:28,491 - INFO -   [28] Pharm 1 - Nursing Council Licensure Exam Revision Questions...
2026-01-24 19:56:28,564 - INFO -   [29] Exam Word Mat - Common Instruction Words Explained...
2026-01-24 19:56:28,633 - INFO -   [30] RIFT VALLEY INSTITUTE OF BUSINESS STUDIES: 2025 SEMESTER END...
2026-01-24 19:56:28,637 - INFO - 💾 Page 12: 30 new documents saved (skipped 0 duplicates) | Total: 360
2026-01-24 19:56:28,651 - INFO - Moving to page 13 after 3s delay
2026-01-24 19:56:31,651 - INFO - Scraping page 13 (attempt 1/3)
2026-01-24 19:56:33,710 - INFO - Waiting for page to load...
2026-01-24 19:57:34,229 - INFO - Page loaded successfully using selector: a[href*="/document/"]
2026-01-24 19:57:37,247 - INFO - Found 30 elements using selector: a[href*="/document/"]
2026-01-24 19:57:37,247 - INFO - Processing 30 document cards on page 13
2026-01-24 19:57:37,317 - INFO -   [1] HEALTH RECORDS & IT DIPLOMA: COMMUNICATION SKILLS EXAM 2025...
2026-01-24 19:57:37,382 - INFO -   [2] HEALTH AND APPLIED SCIENCES DEPT: Child Counselling Exam 202...
2026-01-24 19:57:37,451 - INFO -   [3] HEALTH 2025 SEMESTER END EXAMINATION: COMMUNITY HEALTH NOTES...
2026-01-24 19:57:37,516 - INFO -   [4] Halide Ion Analysis Report: Chloride, Bromide, Iodide - Dipl...
2026-01-24 19:57:37,594 - INFO -   [5] Quiz on Human Muscles (BIO101) - Key Concepts and Functions...
2026-01-24 19:57:37,663 - INFO -   [6] Cell Organelles Quiz (BIO101) - Key Concepts and MCQs...
2026-01-24 19:57:37,734 - INFO -   [7] Pharmacology Exam MCQs (PHAR 202) - Study Guide for Success...
2026-01-24 19:57:37,796 - INFO -   [8] Joint Quiz: Understanding Joint Types and Functions...
2026-01-24 19:57:37,859 - INFO -   [9] QUIZ 1: CELL CYCLE CONCEPTS & REGULATION (BIO101)...
2026-01-24 19:57:37,935 - INFO -   [10] KRPCCN CARDIOVASCULAR QUIZ: Key Concepts and Questions...
2026-01-24 19:57:38,000 - INFO -   [11] 2018 FQE NEUROSCIENCE Exam Questions & Marking Scheme Insigh...
2026-01-24 19:57:38,069 - INFO -   [12] IPA EXAM - Differentiating T1 & T2 MRI Images and Radiograph...
2026-01-24 19:57:38,141 - INFO -   [13] Factors Influencing Cervical Cancer Screening - Final Exam A...
2026-01-24 19:57:38,210 - INFO -   [14] Legal Ethics 1: Special Exam Instructions & Questions - May ...
2026-01-24 19:57:38,278 - INFO -   [15] Grade 4 Mid Term 1 Science & Homescience Exam Set 1 (2020)...
2026-01-24 19:57:38,347 - INFO -   [16] RAN 1203 Final Exam - Radiographic Anatomy II Quiz Questions...
2026-01-24 19:57:38,417 - INFO -   [17] AIPMM Practice Exam 1: Questions & Answers with Verified Sol...
2026-01-24 19:57:38,485 - INFO -   [18] 209 - The Impact of Heart Disease on Pulmonary Function and ...
2026-01-24 19:57:38,564 - INFO -   [19] HRIT Group E Quiz 2: Importance of Health Statistics in Heal...
2026-01-24 19:57:38,628 - INFO -   [20] CDR Exam Practice Questions and Solutions 4...
2026-01-24 19:57:38,695 - INFO -   [21] CDR Exam Practice Qs 4: Nutritional Calculations & Assessmen...
2026-01-24 19:57:38,757 - INFO -   [22] Exam Schedule 2024: Important Dates and Details...
2026-01-24 19:57:38,820 - INFO -   [23] Science std 3 end term 1 exam 2018...
2026-01-24 19:57:38,888 - INFO -   [24] TTTI/EXAM/DP/ Computer Science Digital Exam Study Guide...
2026-01-24 19:57:38,954 - INFO -   [25] PHI 301: CBHMIS Exam 1 Review and Study Guide...
2026-01-24 19:57:39,033 - INFO -   [26] Reproductive System Diagnostic Test Grid Overview and Import...
2026-01-24 19:57:39,093 - INFO -   [27] Trauma Exam Review and Key Concepts...
2026-01-24 19:57:39,154 - INFO -   [28] Auditor Quiz: 5 Moments of Hand Hygiene Competency Assessmen...
2026-01-24 19:57:39,218 - INFO -   [29] Cat1 - Medical Surgical Nursing Exam Review Questions...
2026-01-24 19:57:39,284 - INFO -   [30] Document-WPS Office - Group work quiz...
2026-01-24 19:57:39,287 - INFO - 💾 Page 13: 30 new documents saved (skipped 0 duplicates) | Total: 390
2026-01-24 19:57:39,298 - INFO - Moving to page 14 after 3s delay
2026-01-24 19:57:42,298 - INFO - Scraping page 14 (attempt 1/3)
2026-01-24 19:57:43,528 - INFO - Waiting for page to load...
2026-01-24 19:58:18,809 - INFO - 
Scraping interrupted by user
2026-01-24 19:58:18,940 - INFO - Browser closed successfully
2026-01-24 19:58:20,799 - INFO - ================================================================================
2026-01-24 19:58:20,799 - INFO - STUDOCU SELENIUM SCRAPER - ENHANCED VERSION
2026-01-24 19:58:20,799 - INFO - ================================================================================
2026-01-24 19:58:20,799 - INFO - Configuration: Max pages=None, Headless=False
2026-01-24 19:58:20,799 - INFO - Target URL: https://www.studocu.com/en-us/search/Kenya%20Medical%20Training%20College%20Final%20Qualifying%20Exam?p=1&institutionId=6230
2026-01-24 19:58:30,823 - INFO - patching driver executable /home/ngobiro/.local/share/undetected_chromedriver/undetected_chromedriver
2026-01-24 19:58:31,065 - INFO - WebDriver initialized successfully
2026-01-24 19:58:31,065 - INFO - Starting pagination scrape (max pages: unlimited)
2026-01-24 19:58:31,065 - INFO - Scraping page 1 (attempt 1/3)
2026-01-24 19:58:31,423 - INFO - Waiting for page to load...
2026-01-24 20:00:50,325 - WARNING - Attempt 1 failed for page 1: Message: no such window: target window already closed
from unknown error: web view not found
  (Session info: chrome=144.0.7559.96)
Stacktrace:
#0 0x5bf44330aafa <unknown>
#1 0x5bf442d2460f <unknown>
#2 0x5bf442cf77f8 <unknown>
#3 0x5bf442da8868 <unknown>
#4 0x5bf442dc2028 <unknown>
#5 0x5bf442d6b842 <unknown>
#6 0x5bf442d6c631 <unknown>
#7 0x5bf4432d0689 <unknown>
#8 0x5bf4432d3581 <unknown>
#9 0x5bf4432bcca9 <unknown>
#10 0x5bf4432d413e <unknown>
#11 0x5bf4432a33a0 <unknown>
#12 0x5bf4432f7fc8 <unknown>
#13 0x5bf4432f819b <unknown>
#14 0x5bf443309e68 <unknown>
#15 0x74d49e89caa4 <unknown>
#16 0x74d49e929c6c <unknown>

2026-01-24 20:00:50,326 - INFO - Retrying in 5 seconds...
2026-01-24 20:00:55,326 - INFO - Scraping page 1 (attempt 2/3)
2026-01-24 20:00:55,328 - WARNING - Attempt 2 failed for page 1: Message: no such window: target window already closed
from unknown error: web view not found
  (Session info: chrome=144.0.7559.96)
Stacktrace:
#0 0x5bf44330aafa <unknown>
#1 0x5bf442d2460f <unknown>
#2 0x5bf442cf77f8 <unknown>
#3 0x5bf442da8868 <unknown>
#4 0x5bf442dc2028 <unknown>
#5 0x5bf442d6b842 <unknown>
#6 0x5bf442d6c631 <unknown>
#7 0x5bf4432d0689 <unknown>
#8 0x5bf4432d3581 <unknown>
#9 0x5bf4432bcca9 <unknown>
#10 0x5bf4432d413e <unknown>
#11 0x5bf4432a33a0 <unknown>
#12 0x5bf4432f7fc8 <unknown>
#13 0x5bf4432f819b <unknown>
#14 0x5bf443309e68 <unknown>
#15 0x74d49e89caa4 <unknown>
#16 0x74d49e929c6c <unknown>

2026-01-24 20:00:55,328 - INFO - Retrying in 5 seconds...
2026-01-24 20:01:00,328 - INFO - Scraping page 1 (attempt 3/3)
2026-01-24 20:01:00,331 - WARNING - Attempt 3 failed for page 1: Message: no such window: target window already closed
from unknown error: web view not found
  (Session info: chrome=144.0.7559.96)
Stacktrace:
#0 0x5bf44330aafa <unknown>
#1 0x5bf442d2460f <unknown>
#2 0x5bf442cf77f8 <unknown>
#3 0x5bf442da8868 <unknown>
#4 0x5bf442dc2028 <unknown>
#5 0x5bf442d6b842 <unknown>
#6 0x5bf442d6c631 <unknown>
#7 0x5bf4432d0689 <unknown>
#8 0x5bf4432d3581 <unknown>
#9 0x5bf4432bcca9 <unknown>
#10 0x5bf4432d413e <unknown>
#11 0x5bf4432a33a0 <unknown>
#12 0x5bf4432f7fc8 <unknown>
#13 0x5bf4432f819b <unknown>
#14 0x5bf443309e68 <unknown>
#15 0x74d49e89caa4 <unknown>
#16 0x74d49e929c6c <unknown>

2026-01-24 20:01:00,331 - ERROR - Failed to scrape page 1 after 3 attempts
2026-01-24 20:01:00,331 - INFO - No documents found on page 1. Stopping pagination.
2026-01-24 20:01:00,331 - WARNING - No documents were scraped
2026-01-24 20:01:00,331 - INFO - 
Troubleshooting tips:
2026-01-24 20:01:00,331 - INFO - 1. Check if Cloudflare protection is active
2026-01-24 20:01:00,331 - INFO - 2. Verify the URL is correct and accessible
2026-01-24 20:01:00,331 - INFO - 3. Check the log file for detailed error messages
2026-01-24 20:01:00,347 - INFO - Browser closed successfully
2026-01-24 20:01:03,223 - INFO - ================================================================================
2026-01-24 20:01:03,224 - INFO - STUDOCU SELENIUM SCRAPER - ENHANCED VERSION
2026-01-24 20:01:03,224 - INFO - ================================================================================
2026-01-24 20:01:03,224 - INFO - Configuration: Max pages=None, Headless=False
2026-01-24 20:01:03,224 - INFO - Target URL: https://www.studocu.com/en-us/search/Kenya%20Medical%20Training%20College%20Final%20Qualifying%20Exam?p=1&institutionId=6230
2026-01-24 20:01:18,239 - INFO - patching driver executable /home/ngobiro/.local/share/undetected_chromedriver/undetected_chromedriver
2026-01-24 20:01:18,521 - INFO - WebDriver initialized successfully
2026-01-24 20:01:18,521 - INFO - Starting pagination scrape (max pages: unlimited)
2026-01-24 20:01:18,521 - INFO - Scraping page 1 (attempt 1/3)
2026-01-24 20:01:18,964 - INFO - Waiting for page to load...
2026-01-24 20:02:19,564 - INFO - Page loaded successfully using selector: a[href*="/document/"]
2026-01-24 20:02:22,582 - INFO - Found 22 elements using selector: a[href*="/document/"]
2026-01-24 20:02:22,582 - INFO - Processing 22 document cards on page 1
2026-01-24 20:02:22,685 - INFO -   [1] FQE 2021 - Final Qualifying Exam for Diploma in Community He...
2026-01-24 20:02:22,761 - INFO -   [2] KRCHN FINAL QUALIFYING EXAM PAPER ONE - JUNE 2017...
2026-01-24 20:02:22,844 - INFO -   [3] HSM 2011-1 Final Qualifying Exam: Health Service Management...
2026-01-24 20:02:22,923 - INFO -   [4] ITM Final Qualifying Exam Questions for Diploma in Medical I...
2026-01-24 20:02:22,991 - INFO -   [5] Mathematics-1 - Final Qualifying Exam Practicals (July 2015)...
2026-01-24 20:02:23,055 - INFO -   [6] Pharmacognosy Final Qualifying Exam SEM 2 Paper A - July 201...
2026-01-24 20:02:23,123 - INFO -   [7] HRI 2026 Final Qualifying Exam Timetable - Kenya Medical Tra...
2026-01-24 20:02:23,200 - INFO -   [8] FQE 2024 FEB Medicine - Final Qualifying Exam Paper...
2026-01-24 20:02:23,268 - INFO -   [9] Mathematics Final Qualifying Exam - KMTC 2016/2017...
2026-01-24 20:02:23,335 - INFO -   [10] Final Qualifying Examination (FQE) 2025: HRM for Diploma in ...
2026-01-24 20:02:23,405 - INFO -   [11] Final Qualifying Examination for Certificate in Health Recor...
2026-01-24 20:02:23,475 - INFO -   [12] Final Qualifying Examination Paper: Medicine FQE 2022 - Clin...
2026-01-24 20:02:23,545 - INFO -   [13] Final Qualifying Examination FQE 2020 - Nursing Paper 2: Mid...
2026-01-24 20:02:23,618 - INFO -   [14] KRCHN FEB 2018 FINAL QUALIFYING EXAMINATION REVISION GUIDE...
2026-01-24 20:02:23,681 - INFO -   [15] Final Qualifying Examination - Image Pattern Analysis (IPA) ...
2026-01-24 20:02:23,772 - INFO -   [16] KRCHN FINAL QUALIFYING EXAMINATION PAPER ONE - FEBRUARY 2015...
2026-01-24 20:02:23,838 - INFO -   [17] KRCHN FINAL QUALIFYING EXAMINATION PAPER TWO JUNE 2016...
2026-01-24 20:02:23,911 - INFO -   [18] KRCHN FINAL QUALIFYING EXAMINATION PAPER THREE JAN 2017...
2026-01-24 20:02:23,975 - INFO -   [19] FQE Surgery 2021: A Comprehensive Overview of Surgical Techn...
2026-01-24 20:02:24,043 - INFO -   [20] FQE Feb 2015 Exam Paper Review and Solutions...
2026-01-24 20:02:24,107 - INFO -   [21] FQE Essay Notes 2012 for Surgery (SURG)...
2026-01-24 20:02:24,184 - INFO -   [22] ITM 2021 Final Exam: Medical Imaging Modalities - Qualifying...
2026-01-24 20:02:24,186 - INFO - 💾 Page 1: 4 new documents saved (skipped 18 duplicates) | Total: 167
2026-01-24 20:02:24,198 - INFO - No more pages available. Total pages: 1
2026-01-24 20:02:24,199 - INFO - Documents saved incrementally during scraping
2026-01-24 20:02:24,199 - INFO - 
================================================================================
2026-01-24 20:02:24,199 - INFO - SCRAPING STATISTICS
2026-01-24 20:02:24,199 - INFO - ================================================================================
2026-01-24 20:02:24,199 - INFO - Pages scraped: 1
2026-01-24 20:02:24,199 - INFO - Documents found: 22
2026-01-24 20:02:24,199 - INFO - Errors encountered: 0
2026-01-24 20:02:24,199 - INFO - Retries performed: 0
2026-01-24 20:02:24,199 - INFO - ================================================================================
2026-01-24 20:02:24,199 - INFO - 
Sample document:
2026-01-24 20:02:24,199 - INFO - {
  "rank": 1,
  "title": "FQE 2021 - Final Qualifying Exam for Diploma in Community Health Nursing",
  "pages": null,
  "type": null,
  "course": null,
  "academic_year": null,
  "rating": null,
  "url": "https://www.studocu.com/en-us/document/kenya-medical-training-college/community-health-nursing/fqe-2021-fqe/149336507?queryID=4c60b1489ff322e14553c924d482fe8a&origin=search-results",
  "document_id": 149336507
}
2026-01-24 20:02:24,317 - INFO - Browser closed successfully
