2026-01-23 19:54:00,364 - INFO - patching driver executable /home/ngobiro/.local/share/undetected_chromedriver/undetected_chromedriver
2026-01-23 19:54:00,694 - INFO - WebDriver initialized successfully (Headless: False)
2026-01-23 19:54:00,694 - INFO - Found 163 documents. Starting download process...
2026-01-23 19:54:00,694 - INFO - Giving 20 seconds for manual login/verification if browser opens...
2026-01-23 19:54:20,694 - INFO - --- Document 1/163 ---
2026-01-23 19:54:20,694 - INFO - Processing: KENYA MEDICAL TRAINING COLLEGE NURSING FQE PAPER 1 - 10ᵗʰ JAN 2023
2026-01-23 19:54:20,699 - ERROR - Error processing KENYA MEDICAL TRAINING COLLEGE NURSING FQE PAPER 1 - 10ᵗʰ JAN 2023: Message: invalid session id: session deleted as the browser has closed the connection
from disconnected: not connected to DevTools
  (Session info: chrome=144.0.7559.96); For documentation on this error, please visit: https://www.selenium.dev/documentation/webdriver/troubleshooting/errors#invalidsessionidexception
Stacktrace:
#0 0x5d406fe66afa <unknown>
#1 0x5d406f88060f <unknown>
#2 0x5d406f8663a3 <unknown>
#3 0x5d406f88f871 <unknown>
#4 0x5d406f904a80 <unknown>
#5 0x5d406f91e028 <unknown>
#6 0x5d406f8c7842 <unknown>
#7 0x5d406f8c8631 <unknown>
#8 0x5d406fe2c689 <unknown>
#9 0x5d406fe2f581 <unknown>
#10 0x5d406fe18ca9 <unknown>
#11 0x5d406fe3013e <unknown>
#12 0x5d406fdff3a0 <unknown>
#13 0x5d406fe53fc8 <unknown>
#14 0x5d406fe5419b <unknown>
#15 0x5d406fe65e68 <unknown>
#16 0x72df4ea9caa4 <unknown>
#17 0x72df4eb29c6c <unknown>

2026-01-23 19:54:22,700 - INFO - --- Document 2/163 ---
2026-01-23 19:54:22,700 - INFO - Processing: Traumatology II FQE Remedial Exam - Kenya Medical Training College
2026-01-23 19:54:22,704 - ERROR - Error processing Traumatology II FQE Remedial Exam - Kenya Medical Training College: Message: invalid session id; For documentation on this error, please visit: https://www.selenium.dev/documentation/webdriver/troubleshooting/errors#invalidsessionidexception
Stacktrace:
#0 0x5d406fe66afa <unknown>
#1 0x5d406f880300 <unknown>
#2 0x5d406f8c6a71 <unknown>
#3 0x5d406f8fc076 <unknown>
#4 0x5d406f8f685c <unknown>
#5 0x5d406f8f5b39 <unknown>
#6 0x5d406f845785 <unknown>
#7 0x5d406fe2c689 <unknown>
#8 0x5d406fe2f581 <unknown>
#9 0x5d406fe18ca9 <unknown>
#10 0x5d406fe3013e <unknown>
#11 0x5d406fdff3a0 <unknown>
#12 0x5d406f842e64 <unknown>
#13 0x72df4ea2a1ca <unknown>
#14 0x72df4ea2a28b __libc_start_main
#15 0x5d406f8019aa _start

2026-01-23 19:54:24,705 - INFO - --- Document 3/163 ---
2026-01-23 19:54:24,705 - INFO - Processing: Ortho Trauma Medicine FQE Remedial 5 - Kenya Medical Training College
2026-01-23 19:54:24,708 - ERROR - Error processing Ortho Trauma Medicine FQE Remedial 5 - Kenya Medical Training College: Message: invalid session id; For documentation on this error, please visit: https://www.selenium.dev/documentation/webdriver/troubleshooting/errors#invalidsessionidexception
Stacktrace:
#0 0x5d406fe66afa <unknown>
#1 0x5d406f880300 <unknown>
#2 0x5d406f8c6a71 <unknown>
#3 0x5d406f8fc076 <unknown>
#4 0x5d406f8f685c <unknown>
#5 0x5d406f8f5b39 <unknown>
#6 0x5d406f845785 <unknown>
#7 0x5d406fe2c689 <unknown>
#8 0x5d406fe2f581 <unknown>
#9 0x5d406fe18ca9 <unknown>
#10 0x5d406fe3013e <unknown>
#11 0x5d406fdff3a0 <unknown>
#12 0x5d406f842e64 <unknown>
#13 0x72df4ea2a1ca <unknown>
#14 0x72df4ea2a28b __libc_start_main
#15 0x5d406f8019aa _start

2026-01-23 19:54:26,708 - INFO - --- Document 4/163 ---
2026-01-23 19:54:26,708 - INFO - Processing: Casting and Splinting FQE Remedial 1 - Kenya Medical Training College
2026-01-23 19:54:26,712 - ERROR - Error processing Casting and Splinting FQE Remedial 1 - Kenya Medical Training College: Message: invalid session id; For documentation on this error, please visit: https://www.selenium.dev/documentation/webdriver/troubleshooting/errors#invalidsessionidexception
Stacktrace:
#0 0x5d406fe66afa <unknown>
#1 0x5d406f880300 <unknown>
#2 0x5d406f8c6a71 <unknown>
#3 0x5d406f8fc076 <unknown>
#4 0x5d406f8f685c <unknown>
#5 0x5d406f8f5b39 <unknown>
#6 0x5d406f845785 <unknown>
#7 0x5d406fe2c689 <unknown>
#8 0x5d406fe2f581 <unknown>
#9 0x5d406fe18ca9 <unknown>
#10 0x5d406fe3013e <unknown>
#11 0x5d406fdff3a0 <unknown>
#12 0x5d406f842e64 <unknown>
#13 0x72df4ea2a1ca <unknown>
#14 0x72df4ea2a28b __libc_start_main
#15 0x5d406f8019aa _start

2026-01-23 19:54:28,712 - INFO - --- Document 5/163 ---
2026-01-23 19:54:28,712 - INFO - Processing: FQE Compiled Nursing Questions (2010-2022) for Exam Preparation
2026-01-23 19:54:28,716 - ERROR - Error processing FQE Compiled Nursing Questions (2010-2022) for Exam Preparation: Message: invalid session id; For documentation on this error, please visit: https://www.selenium.dev/documentation/webdriver/troubleshooting/errors#invalidsessionidexception
Stacktrace:
#0 0x5d406fe66afa <unknown>
#1 0x5d406f880300 <unknown>
#2 0x5d406f8c6a71 <unknown>
#3 0x5d406f8fc076 <unknown>
#4 0x5d406f8f685c <unknown>
#5 0x5d406f8f5b39 <unknown>
#6 0x5d406f845785 <unknown>
#7 0x5d406fe2c689 <unknown>
#8 0x5d406fe2f581 <unknown>
#9 0x5d406fe18ca9 <unknown>
#10 0x5d406fe3013e <unknown>
#11 0x5d406fdff3a0 <unknown>
#12 0x5d406f842e64 <unknown>
#13 0x72df4ea2a1ca <unknown>
#14 0x72df4ea2a28b __libc_start_main
#15 0x5d406f8019aa _start

2026-01-23 19:54:30,701 - INFO - Process interrupted by user.
2026-01-23 19:54:30,709 - INFO - Finished. Successfully downloaded 0/163 documents.
2026-01-23 19:55:59,639 - INFO - Limiting to first 1 documents.
2026-01-23 19:56:13,199 - INFO - patching driver executable /home/ngobiro/.local/share/undetected_chromedriver/undetected_chromedriver
2026-01-23 19:56:13,392 - INFO - WebDriver initialized successfully (Headless: True)
2026-01-23 19:56:13,392 - INFO - Found 1 documents. Starting download process...
2026-01-23 19:56:13,392 - INFO - --- Document 1/1 ---
2026-01-23 19:56:13,392 - INFO - Processing: KENYA MEDICAL TRAINING COLLEGE NURSING FQE PAPER 1 - 10ᵗʰ JAN 2023
2026-01-23 19:56:17,150 - WARNING - Download button not found for: KENYA MEDICAL TRAINING COLLEGE NURSING FQE PAPER 1 - 10ᵗʰ JAN 2023
2026-01-23 19:56:19,256 - INFO - Finished. Successfully downloaded 0/1 documents.
2026-01-23 19:56:53,400 - INFO - Limiting to first 1 documents.
2026-01-23 19:57:07,170 - INFO - patching driver executable /home/ngobiro/.local/share/undetected_chromedriver/undetected_chromedriver
2026-01-23 19:57:07,375 - INFO - WebDriver initialized successfully (Headless: True)
2026-01-23 19:57:07,375 - INFO - Found 1 documents. Starting download process...
2026-01-23 19:57:07,375 - INFO - --- Document 1/1 ---
2026-01-23 19:57:07,375 - INFO - Processing: KENYA MEDICAL TRAINING COLLEGE NURSING FQE PAPER 1 - 10ᵗʰ JAN 2023
2026-01-23 19:57:11,024 - WARNING - Download button not found for: KENYA MEDICAL TRAINING COLLEGE NURSING FQE PAPER 1 - 10ᵗʰ JAN 2023
2026-01-23 19:57:11,092 - INFO - Saved debug info to /home/ngobiro/projects/pngobiro.github.io/colleges/kmtc/diploma/FQE/downloads/debug_140069803.png and /home/ngobiro/projects/pngobiro.github.io/colleges/kmtc/diploma/FQE/downloads/debug_140069803.html
2026-01-23 19:57:13,198 - INFO - Finished. Successfully downloaded 0/1 documents.
2026-01-23 19:58:57,362 - INFO - patching driver executable /home/ngobiro/.local/share/undetected_chromedriver/undetected_chromedriver
2026-01-23 19:58:57,687 - INFO - WebDriver initialized successfully (Headless: False)
2026-01-23 19:58:57,687 - INFO - Found 163 documents. Starting download process...
2026-01-23 19:58:57,687 - INFO - Giving 20 seconds for manual login/verification if browser opens...
2026-01-23 19:59:17,687 - INFO - --- Document 1/163 ---
2026-01-23 19:59:17,688 - INFO - Processing: KENYA MEDICAL TRAINING COLLEGE NURSING FQE PAPER 1 - 10ᵗʰ JAN 2023
2026-01-23 19:59:24,403 - INFO - Found download button using: //span[contains(text(), 'Download')]/..
2026-01-23 19:59:24,406 - INFO - Clicked download button, waiting for file...
2026-01-23 20:00:24,416 - ERROR - Download timed out or failed to start.
2026-01-23 20:00:26,416 - INFO - --- Document 2/163 ---
2026-01-23 20:00:26,416 - INFO - Processing: Traumatology II FQE Remedial Exam - Kenya Medical Training College
2026-01-23 20:00:30,839 - INFO - Found download button using: //span[contains(text(), 'Download')]/..
2026-01-23 20:00:30,877 - INFO - Clicked download button, waiting for file...
2026-01-23 20:01:06,058 - INFO - Process interrupted by user.
2026-01-23 20:01:06,075 - INFO - Finished. Successfully downloaded 0/163 documents.
